#
# There is insufficient memory for the Java Runtime Environment to continue.
# Native memory allocation (malloc) failed to allocate 342032 bytes for Chunk::new
# Possible reasons:
#   The system is out of physical RAM or swap space
#   The process is running with CompressedOops enabled, and the Java Heap may be blocking the growth of the native heap
# Possible solutions:
#   Reduce memory load on the system
#   Increase physical memory or swap space
#   Check if swap backing store is full
#   Decrease Java heap size (-Xmx/-Xms)
#   Decrease number of Java threads
#   Decrease Java thread stack sizes (-Xss)
#   Set larger code cache with -XX:ReservedCodeCacheSize=
#   JVM is running with Unscaled Compressed Oops mode in which the Java heap is
#     placed in the first 4GB address space. The Java Heap base address is the
#     maximum limit for the native heap growth. Please use -XX:HeapBaseMinAddress
#     to set the Java Heap base and to place the Java Heap above 4GB virtual address.
# This output file may be truncated or incomplete.
#
#  Out of Memory Error (arena.cpp:191), pid=9700, tid=11156
#
# JRE version: OpenJDK Runtime Environment Corretto-17.0.10.7.1 (17.0.10+7) (build 17.0.10+7-LTS)
# Java VM: OpenJDK 64-Bit Server VM Corretto-17.0.10.7.1 (17.0.10+7-LTS, mixed mode, sharing, tiered, compressed oops, compressed class ptrs, g1 gc, windows-amd64)
# No core dump will be written. Minidumps are not enabled by default on client versions of Windows
#

---------------  S U M M A R Y ------------

Command Line: --add-opens=java.base/java.util=ALL-UNNAMED --add-opens=java.base/java.lang=ALL-UNNAMED --add-opens=java.base/java.lang.invoke=ALL-UNNAMED --add-opens=java.prefs/java.util.prefs=ALL-UNNAMED --add-opens=java.base/java.nio.charset=ALL-UNNAMED --add-opens=java.base/java.net=ALL-UNNAMED --add-opens=java.base/java.util.concurrent.atomic=ALL-UNNAMED -XX:MaxMetaspaceSize=384m -XX:+HeapDumpOnOutOfMemoryError -Xms256m -Xmx512m -Dfile.encoding=UTF-8 -Duser.country=KR -Duser.language=ko -Duser.variant -javaagent:C:\Users\Rencal\.gradle\wrapper\dists\gradle-8.7-bin\bhs2wmbdwecv87pi65oeuq5iu\gradle-8.7\lib\agents\gradle-instrumentation-agent-8.7.jar org.gradle.launcher.daemon.bootstrap.GradleDaemon 8.7

Host: Intel(R) Core(TM) i5-10210U CPU @ 1.60GHz, 8 cores, 15G,  Windows 11 , 64 bit Build 22621 (10.0.22621.3570)
Time: Fri May 24 13:03:35 2024  Windows 11 , 64 bit Build 22621 (10.0.22621.3570) elapsed time: 22.034199 seconds (0d 0h 0m 22s)

---------------  T H R E A D  ---------------

Current thread (0x00000205d1c67580):  JavaThread "C2 CompilerThread1" daemon [_thread_in_native, id=11156, stack(0x0000004d25800000,0x0000004d25900000)]


Current CompileTask:
C2:  22034 12322       4       com.sun.tools.javac.code.Types$12::visitClassType (10 bytes)

Stack: [0x0000004d25800000,0x0000004d25900000]
Native frames: (J=compiled Java code, j=interpreted, Vv=VM code, C=native code)
V  [jvm.dll+0x67d2c9]
V  [jvm.dll+0x834b1a]
V  [jvm.dll+0x8365de]
V  [jvm.dll+0x836c43]
V  [jvm.dll+0x2477ff]
V  [jvm.dll+0xac514]
V  [jvm.dll+0xacb5c]
V  [jvm.dll+0x11f057]
V  [jvm.dll+0x60f325]
V  [jvm.dll+0x60d9e4]
V  [jvm.dll+0x219d68]
V  [jvm.dll+0x219311]
V  [jvm.dll+0x1a502d]
V  [jvm.dll+0x2290de]
V  [jvm.dll+0x2272ac]
V  [jvm.dll+0x7e9bd7]
V  [jvm.dll+0x7e3fda]
V  [jvm.dll+0x67c1b5]
C  [ucrtbase.dll+0x29333]
C  [KERNEL32.DLL+0x1257d]
C  [ntdll.dll+0x5aa48]


---------------  P R O C E S S  ---------------

Threads class SMR info:
_java_thread_list=0x00000205d3b38660, length=135, elements={
0x000002059b87f320, 0x00000205b63f7290, 0x00000205b63f8830, 0x00000205b640f3a0,
0x00000205b640fc70, 0x00000205b6413560, 0x00000205b6413e30, 0x00000205b6415a40,
0x00000205b6416350, 0x00000205b641ac80, 0x00000205b65bd670, 0x00000205b66be0c0,
0x00000205d210c010, 0x00000205d21f3820, 0x00000205d17fb420, 0x00000205d0e55840,
0x00000205d1a44760, 0x00000205d17bf810, 0x00000205d17be820, 0x00000205d23a7810,
0x00000205d23a54a0, 0x00000205d23a68e0, 0x00000205d23a63d0, 0x00000205d23a4f90,
0x00000205d23a59b0, 0x00000205d23a4060, 0x00000205d23a7300, 0x00000205d23a5ec0,
0x00000205d23a4570, 0x00000205d23a4a80, 0x00000205d2954cf0, 0x00000205d2950610,
0x00000205d2951a50, 0x00000205d294fbf0, 0x00000205d2951540, 0x00000205d2951f60,
0x00000205d2955200, 0x00000205d294ecc0, 0x00000205d29533a0, 0x00000205d2953dc0,
0x00000205d2952470, 0x00000205d294f1d0, 0x00000205d2952980, 0x00000205d2950100,
0x00000205d294f6e0, 0x00000205d2952e90, 0x00000205d2955710, 0x00000205d29542d0,
0x00000205d2950b20, 0x00000205d29547e0, 0x00000205d4e93bc0, 0x00000205d4e92c90,
0x00000205d4e92780, 0x00000205d4e931a0, 0x00000205d4e96e60, 0x00000205d4e95f30,
0x00000205d4e982a0, 0x00000205d4e95a20, 0x00000205d4e940d0, 0x00000205d4e96440,
0x00000205d4e96950, 0x00000205d4e94af0, 0x00000205d4e95510, 0x00000205d4e97370,
0x00000205d4e945e0, 0x00000205d4e97880, 0x00000205d4e98cc0, 0x00000205d4e95000,
0x00000205d4e97d90, 0x00000205d4e987b0, 0x00000205d4e991d0, 0x00000205d4e91d60,
0x00000205d4e996e0, 0x00000205d4e92270, 0x00000205d4e70300, 0x00000205d4e71230,
0x00000205d4e6fdf0, 0x00000205d4e6f8e0, 0x00000205d4e70810, 0x00000205d4e6d570,
0x00000205d4e6da80, 0x00000205d4e70d20, 0x00000205d4e6eec0, 0x00000205d4e71740,
0x00000205d4e6df90, 0x00000205d4e72b80, 0x00000205d4e71c50, 0x00000205d4e72160,
0x00000205d4e72670, 0x00000205d4e73090, 0x00000205d4e744d0, 0x00000205d4e73ab0,
0x00000205d4e6e4a0, 0x00000205d4e6e9b0, 0x00000205d4e735a0, 0x00000205d4e73fc0,
0x00000205d4e6d060, 0x00000205d4e749e0, 0x00000205d1e02800, 0x00000205d1e00eb0,
0x00000205d1dfdc10, 0x00000205d1e02d10, 0x00000205d1e03730, 0x00000205d1dfe120,
0x00000205d1e013c0, 0x00000205d1dfeb40, 0x00000205d1e04150, 0x00000205d1e03c40,
0x00000205d1dff560, 0x00000205d1dffa70, 0x00000205d1dfcce0, 0x00000205d1dfe630,
0x00000205d1e03220, 0x00000205d1e018d0, 0x00000205d1e04660, 0x00000205d1dfd700,
0x00000205d1e00490, 0x00000205d1e01de0, 0x00000205d1e022f0, 0x00000205d1dfd1f0,
0x00000205d1dff050, 0x00000205d4caa8b0, 0x00000205d4ca7610, 0x00000205d4ca9980,
0x00000205d4cabcf0, 0x00000205d4cad640, 0x00000205d4cac200, 0x00000205d4cac710,
0x00000205d4caadc0, 0x00000205d4cacc20, 0x00000205d4cad130, 0x00000205d4cadb50,
0x00000205d4cae060, 0x00000205d1c67580, 0x00000205d1c64060
}

Java Threads: ( => current thread )
  0x000002059b87f320 JavaThread "main" [_thread_blocked, id=14416, stack(0x0000004d23d00000,0x0000004d23e00000)]
  0x00000205b63f7290 JavaThread "Reference Handler" daemon [_thread_blocked, id=27636, stack(0x0000004d24400000,0x0000004d24500000)]
  0x00000205b63f8830 JavaThread "Finalizer" daemon [_thread_blocked, id=11676, stack(0x0000004d24500000,0x0000004d24600000)]
  0x00000205b640f3a0 JavaThread "Signal Dispatcher" daemon [_thread_blocked, id=22340, stack(0x0000004d24600000,0x0000004d24700000)]
  0x00000205b640fc70 JavaThread "Attach Listener" daemon [_thread_blocked, id=26280, stack(0x0000004d24700000,0x0000004d24800000)]
  0x00000205b6413560 JavaThread "Service Thread" daemon [_thread_blocked, id=3040, stack(0x0000004d24800000,0x0000004d24900000)]
  0x00000205b6413e30 JavaThread "Monitor Deflation Thread" daemon [_thread_blocked, id=2956, stack(0x0000004d24900000,0x0000004d24a00000)]
  0x00000205b6415a40 JavaThread "C2 CompilerThread0" daemon [_thread_in_native, id=6848, stack(0x0000004d24a00000,0x0000004d24b00000)]
  0x00000205b6416350 JavaThread "C1 CompilerThread0" daemon [_thread_blocked, id=17556, stack(0x0000004d24b00000,0x0000004d24c00000)]
  0x00000205b641ac80 JavaThread "Sweeper thread" daemon [_thread_blocked, id=19420, stack(0x0000004d24c00000,0x0000004d24d00000)]
  0x00000205b65bd670 JavaThread "Common-Cleaner" daemon [_thread_blocked, id=14564, stack(0x0000004d24d00000,0x0000004d24e00000)]
  0x00000205b66be0c0 JavaThread "Notification Thread" daemon [_thread_blocked, id=22392, stack(0x0000004d24e00000,0x0000004d24f00000)]
  0x00000205d210c010 JavaThread "Daemon health stats" [_thread_blocked, id=4756, stack(0x0000004d25600000,0x0000004d25700000)]
  0x00000205d21f3820 JavaThread "Incoming local TCP Connector on port 49783" [_thread_in_native, id=15060, stack(0x0000004d25000000,0x0000004d25100000)]
  0x00000205d17fb420 JavaThread "Daemon periodic checks" [_thread_blocked, id=20760, stack(0x0000004d25700000,0x0000004d25800000)]
  0x00000205d0e55840 JavaThread "Daemon" [_thread_blocked, id=7616, stack(0x0000004d25900000,0x0000004d25a00000)]
  0x00000205d1a44760 JavaThread "Handler for socket connection from /127.0.0.1:49783 to /127.0.0.1:49784" [_thread_in_native, id=1816, stack(0x0000004d25a00000,0x0000004d25b00000)]
  0x00000205d17bf810 JavaThread "Cancel handler" [_thread_blocked, id=12272, stack(0x0000004d25b00000,0x0000004d25c00000)]
  0x00000205d17be820 JavaThread "Daemon worker" [_thread_blocked, id=14404, stack(0x0000004d25c00000,0x0000004d25d00000)]
  0x00000205d23a7810 JavaThread "Asynchronous log dispatcher for DefaultDaemonConnection: socket connection from /127.0.0.1:49783 to /127.0.0.1:49784" [_thread_blocked, id=2336, stack(0x0000004d25d00000,0x0000004d25e00000)]
  0x00000205d23a54a0 JavaThread "Stdin handler" [_thread_blocked, id=24224, stack(0x0000004d25e00000,0x0000004d25f00000)]
  0x00000205d23a68e0 JavaThread "Daemon client event forwarder" [_thread_blocked, id=18864, stack(0x0000004d25f00000,0x0000004d26000000)]
  0x00000205d23a63d0 JavaThread "Cache worker for journal cache (C:\Users\Rencal\.gradle\caches\journal-1)" [_thread_blocked, id=7048, stack(0x0000004d26000000,0x0000004d26100000)]
  0x00000205d23a4f90 JavaThread "File lock request listener" [_thread_in_native, id=14164, stack(0x0000004d26100000,0x0000004d26200000)]
  0x00000205d23a59b0 JavaThread "Cache worker for file hash cache (C:\Users\Rencal\.gradle\caches\8.7\fileHashes)" [_thread_blocked, id=24356, stack(0x0000004d26200000,0x0000004d26300000)]
  0x00000205d23a4060 JavaThread "Cache worker for file hash cache (C:\Users\Rencal\IdeaProjects\Do-tori\.gradle\8.7\fileHashes)" [_thread_blocked, id=7896, stack(0x0000004d26500000,0x0000004d26600000)]
  0x00000205d23a7300 JavaThread "File watcher server" daemon [_thread_in_native, id=14500, stack(0x0000004d26600000,0x0000004d26700000)]
  0x00000205d23a5ec0 JavaThread "File watcher consumer" daemon [_thread_blocked, id=22240, stack(0x0000004d26700000,0x0000004d26800000)]
  0x00000205d23a4570 JavaThread "Cache worker for checksums cache (C:\Users\Rencal\IdeaProjects\Do-tori\.gradle\8.7\checksums)" [_thread_blocked, id=11568, stack(0x0000004d26900000,0x0000004d26a00000)]
  0x00000205d23a4a80 JavaThread "Cache worker for cache directory md-supplier (C:\Users\Rencal\.gradle\caches\8.7\md-supplier)" [_thread_blocked, id=26768, stack(0x0000004d26a00000,0x0000004d26b00000)]
  0x00000205d2954cf0 JavaThread "Cache worker for cache directory md-rule (C:\Users\Rencal\.gradle\caches\8.7\md-rule)" [_thread_blocked, id=1508, stack(0x0000004d26b00000,0x0000004d26c00000)]
  0x00000205d2950610 JavaThread "Cache worker for file content cache (C:\Users\Rencal\.gradle\caches\8.7\fileContent)" [_thread_blocked, id=10724, stack(0x0000004d26c00000,0x0000004d26d00000)]
  0x00000205d2951a50 JavaThread "jar transforms" [_thread_blocked, id=19776, stack(0x0000004d26d00000,0x0000004d26e00000)]
  0x00000205d294fbf0 JavaThread "jar transforms Thread 2" [_thread_blocked, id=26728, stack(0x0000004d26e00000,0x0000004d26f00000)]
  0x00000205d2951540 JavaThread "jar transforms Thread 3" [_thread_blocked, id=23272, stack(0x0000004d27000000,0x0000004d27100000)]
  0x00000205d2951f60 JavaThread "jar transforms Thread 4" [_thread_blocked, id=21948, stack(0x0000004d27100000,0x0000004d27200000)]
  0x00000205d2955200 JavaThread "jar transforms Thread 5" [_thread_blocked, id=23860, stack(0x0000004d27200000,0x0000004d27300000)]
  0x00000205d294ecc0 JavaThread "jar transforms Thread 6" [_thread_blocked, id=22716, stack(0x0000004d27300000,0x0000004d27400000)]
  0x00000205d29533a0 JavaThread "Cache worker for Build Output Cleanup Cache (C:\Users\Rencal\IdeaProjects\Do-tori\.gradle\buildOutputCleanup)" [_thread_blocked, id=10564, stack(0x0000004d27500000,0x0000004d27600000)]
  0x00000205d2953dc0 JavaThread "jar transforms Thread 7" [_thread_blocked, id=10548, stack(0x0000004d27600000,0x0000004d27700000)]
  0x00000205d2952470 JavaThread "Unconstrained build operations" [_thread_blocked, id=3852, stack(0x0000004d27700000,0x0000004d27800000)]
  0x00000205d294f1d0 JavaThread "Unconstrained build operations Thread 2" [_thread_blocked, id=14748, stack(0x0000004d27800000,0x0000004d27900000)]
  0x00000205d2952980 JavaThread "Unconstrained build operations Thread 3" [_thread_blocked, id=25988, stack(0x0000004d27900000,0x0000004d27a00000)]
  0x00000205d2950100 JavaThread "Unconstrained build operations Thread 4" [_thread_blocked, id=18288, stack(0x0000004d27a00000,0x0000004d27b00000)]
  0x00000205d294f6e0 JavaThread "Unconstrained build operations Thread 5" [_thread_blocked, id=3556, stack(0x0000004d27b00000,0x0000004d27c00000)]
  0x00000205d2952e90 JavaThread "Unconstrained build operations Thread 6" [_thread_blocked, id=9120, stack(0x0000004d27c00000,0x0000004d27d00000)]
  0x00000205d2955710 JavaThread "Unconstrained build operations Thread 7" [_thread_blocked, id=7264, stack(0x0000004d27d00000,0x0000004d27e00000)]
  0x00000205d29542d0 JavaThread "Unconstrained build operations Thread 8" [_thread_blocked, id=27200, stack(0x0000004d27e00000,0x0000004d27f00000)]
  0x00000205d2950b20 JavaThread "Unconstrained build operations Thread 9" [_thread_blocked, id=8672, stack(0x0000004d27f00000,0x0000004d28000000)]
  0x00000205d29547e0 JavaThread "Unconstrained build operations Thread 10" [_thread_blocked, id=14244, stack(0x0000004d28000000,0x0000004d28100000)]
  0x00000205d4e93bc0 JavaThread "Unconstrained build operations Thread 11" [_thread_blocked, id=13116, stack(0x0000004d28100000,0x0000004d28200000)]
  0x00000205d4e92c90 JavaThread "Unconstrained build operations Thread 12" [_thread_blocked, id=13244, stack(0x0000004d28200000,0x0000004d28300000)]
  0x00000205d4e92780 JavaThread "Unconstrained build operations Thread 13" [_thread_blocked, id=27304, stack(0x0000004d28300000,0x0000004d28400000)]
  0x00000205d4e931a0 JavaThread "Unconstrained build operations Thread 14" [_thread_blocked, id=18372, stack(0x0000004d28400000,0x0000004d28500000)]
  0x00000205d4e96e60 JavaThread "Memory manager" [_thread_blocked, id=7880, stack(0x0000004d28500000,0x0000004d28600000)]
  0x00000205d4e95f30 JavaThread "jar transforms Thread 8" [_thread_blocked, id=23156, stack(0x0000004d28600000,0x0000004d28700000)]
  0x00000205d4e982a0 JavaThread "included builds" [_thread_in_Java, id=10304, stack(0x0000004d28700000,0x0000004d28800000)]
  0x00000205d4e95a20 JavaThread "Execution worker" [_thread_blocked, id=23476, stack(0x0000004d28800000,0x0000004d28900000)]
  0x00000205d4e940d0 JavaThread "Execution worker Thread 2" [_thread_blocked, id=24460, stack(0x0000004d28900000,0x0000004d28a00000)]
  0x00000205d4e96440 JavaThread "Execution worker Thread 3" [_thread_blocked, id=20440, stack(0x0000004d28a00000,0x0000004d28b00000)]
  0x00000205d4e96950 JavaThread "Execution worker Thread 4" [_thread_blocked, id=20912, stack(0x0000004d28b00000,0x0000004d28c00000)]
  0x00000205d4e94af0 JavaThread "Execution worker Thread 5" [_thread_blocked, id=5260, stack(0x0000004d28c00000,0x0000004d28d00000)]
  0x00000205d4e95510 JavaThread "Execution worker Thread 6" [_thread_blocked, id=1168, stack(0x0000004d28d00000,0x0000004d28e00000)]
  0x00000205d4e97370 JavaThread "Execution worker Thread 7" [_thread_blocked, id=27156, stack(0x0000004d28e00000,0x0000004d28f00000)]
  0x00000205d4e945e0 JavaThread "Cache worker for execution history cache (C:\Users\Rencal\IdeaProjects\Do-tori\.gradle\8.7\executionHistory)" [_thread_blocked, id=27140, stack(0x0000004d28f00000,0x0000004d29000000)]
  0x00000205d4e97880 JavaThread "Unconstrained build operations Thread 15" [_thread_blocked, id=26688, stack(0x0000004d29000000,0x0000004d29100000)]
  0x00000205d4e98cc0 JavaThread "Unconstrained build operations Thread 16" [_thread_blocked, id=8332, stack(0x0000004d29100000,0x0000004d29200000)]
  0x00000205d4e95000 JavaThread "Unconstrained build operations Thread 17" [_thread_blocked, id=24344, stack(0x0000004d29200000,0x0000004d29300000)]
  0x00000205d4e97d90 JavaThread "Unconstrained build operations Thread 18" [_thread_blocked, id=26140, stack(0x0000004d29300000,0x0000004d29400000)]
  0x00000205d4e987b0 JavaThread "Unconstrained build operations Thread 19" [_thread_blocked, id=19716, stack(0x0000004d29400000,0x0000004d29500000)]
  0x00000205d4e991d0 JavaThread "Unconstrained build operations Thread 20" [_thread_blocked, id=25188, stack(0x0000004d29500000,0x0000004d29600000)]
  0x00000205d4e91d60 JavaThread "Unconstrained build operations Thread 21" [_thread_blocked, id=12424, stack(0x0000004d29600000,0x0000004d29700000)]
  0x00000205d4e996e0 JavaThread "Unconstrained build operations Thread 22" [_thread_blocked, id=27444, stack(0x0000004d29700000,0x0000004d29800000)]
  0x00000205d4e92270 JavaThread "Unconstrained build operations Thread 23" [_thread_blocked, id=10188, stack(0x0000004d29800000,0x0000004d29900000)]
  0x00000205d4e70300 JavaThread "Unconstrained build operations Thread 24" [_thread_blocked, id=17964, stack(0x0000004d29900000,0x0000004d29a00000)]
  0x00000205d4e71230 JavaThread "Unconstrained build operations Thread 25" [_thread_blocked, id=20144, stack(0x0000004d29a00000,0x0000004d29b00000)]
  0x00000205d4e6fdf0 JavaThread "Unconstrained build operations Thread 26" [_thread_blocked, id=19244, stack(0x0000004d29b00000,0x0000004d29c00000)]
  0x00000205d4e6f8e0 JavaThread "Unconstrained build operations Thread 27" [_thread_blocked, id=4112, stack(0x0000004d29c00000,0x0000004d29d00000)]
  0x00000205d4e70810 JavaThread "Unconstrained build operations Thread 28" [_thread_blocked, id=22176, stack(0x0000004d29d00000,0x0000004d29e00000)]
  0x00000205d4e6d570 JavaThread "Unconstrained build operations Thread 29" [_thread_blocked, id=25252, stack(0x0000004d29e00000,0x0000004d29f00000)]
  0x00000205d4e6da80 JavaThread "Unconstrained build operations Thread 30" [_thread_blocked, id=14016, stack(0x0000004d29f00000,0x0000004d2a000000)]
  0x00000205d4e70d20 JavaThread "Unconstrained build operations Thread 31" [_thread_blocked, id=8904, stack(0x0000004d2a000000,0x0000004d2a100000)]
  0x00000205d4e6eec0 JavaThread "Unconstrained build operations Thread 32" [_thread_blocked, id=1544, stack(0x0000004d2a100000,0x0000004d2a200000)]
  0x00000205d4e71740 JavaThread "Unconstrained build operations Thread 33" [_thread_blocked, id=10080, stack(0x0000004d2a200000,0x0000004d2a300000)]
  0x00000205d4e6df90 JavaThread "Unconstrained build operations Thread 34" [_thread_blocked, id=11260, stack(0x0000004d2a300000,0x0000004d2a400000)]
  0x00000205d4e72b80 JavaThread "Unconstrained build operations Thread 35" [_thread_blocked, id=24372, stack(0x0000004d2a400000,0x0000004d2a500000)]
  0x00000205d4e71c50 JavaThread "Unconstrained build operations Thread 36" [_thread_blocked, id=2124, stack(0x0000004d2a500000,0x0000004d2a600000)]
  0x00000205d4e72160 JavaThread "Unconstrained build operations Thread 37" [_thread_blocked, id=1300, stack(0x0000004d2a600000,0x0000004d2a700000)]
  0x00000205d4e72670 JavaThread "Unconstrained build operations Thread 38" [_thread_blocked, id=2160, stack(0x0000004d2a700000,0x0000004d2a800000)]
  0x00000205d4e73090 JavaThread "Unconstrained build operations Thread 39" [_thread_blocked, id=19968, stack(0x0000004d2a800000,0x0000004d2a900000)]
  0x00000205d4e744d0 JavaThread "Unconstrained build operations Thread 40" [_thread_blocked, id=16668, stack(0x0000004d2a900000,0x0000004d2aa00000)]
  0x00000205d4e73ab0 JavaThread "Unconstrained build operations Thread 41" [_thread_blocked, id=20484, stack(0x0000004d2aa00000,0x0000004d2ab00000)]
  0x00000205d4e6e4a0 JavaThread "Unconstrained build operations Thread 42" [_thread_blocked, id=22724, stack(0x0000004d2ab00000,0x0000004d2ac00000)]
  0x00000205d4e6e9b0 JavaThread "Unconstrained build operations Thread 43" [_thread_blocked, id=6264, stack(0x0000004d2ac00000,0x0000004d2ad00000)]
  0x00000205d4e735a0 JavaThread "Unconstrained build operations Thread 44" [_thread_blocked, id=24128, stack(0x0000004d2ad00000,0x0000004d2ae00000)]
  0x00000205d4e73fc0 JavaThread "Unconstrained build operations Thread 45" [_thread_blocked, id=20708, stack(0x0000004d2ae00000,0x0000004d2af00000)]
  0x00000205d4e6d060 JavaThread "Unconstrained build operations Thread 46" [_thread_blocked, id=14440, stack(0x0000004d2af00000,0x0000004d2b000000)]
  0x00000205d4e749e0 JavaThread "Unconstrained build operations Thread 47" [_thread_blocked, id=24780, stack(0x0000004d2b000000,0x0000004d2b100000)]
  0x00000205d1e02800 JavaThread "Unconstrained build operations Thread 48" [_thread_blocked, id=17668, stack(0x0000004d2b100000,0x0000004d2b200000)]
  0x00000205d1e00eb0 JavaThread "Unconstrained build operations Thread 49" [_thread_blocked, id=7484, stack(0x0000004d2b200000,0x0000004d2b300000)]
  0x00000205d1dfdc10 JavaThread "Unconstrained build operations Thread 50" [_thread_blocked, id=17164, stack(0x0000004d2b300000,0x0000004d2b400000)]
  0x00000205d1e02d10 JavaThread "Unconstrained build operations Thread 51" [_thread_blocked, id=7788, stack(0x0000004d2b400000,0x0000004d2b500000)]
  0x00000205d1e03730 JavaThread "Unconstrained build operations Thread 52" [_thread_blocked, id=21464, stack(0x0000004d2b500000,0x0000004d2b600000)]
  0x00000205d1dfe120 JavaThread "Unconstrained build operations Thread 53" [_thread_blocked, id=5660, stack(0x0000004d2b600000,0x0000004d2b700000)]
  0x00000205d1e013c0 JavaThread "Unconstrained build operations Thread 54" [_thread_blocked, id=17664, stack(0x0000004d2b700000,0x0000004d2b800000)]
  0x00000205d1dfeb40 JavaThread "Unconstrained build operations Thread 55" [_thread_blocked, id=1788, stack(0x0000004d2b800000,0x0000004d2b900000)]
  0x00000205d1e04150 JavaThread "Unconstrained build operations Thread 56" [_thread_blocked, id=2348, stack(0x0000004d2b900000,0x0000004d2ba00000)]
  0x00000205d1e03c40 JavaThread "Unconstrained build operations Thread 57" [_thread_blocked, id=19240, stack(0x0000004d2ba00000,0x0000004d2bb00000)]
  0x00000205d1dff560 JavaThread "Unconstrained build operations Thread 58" [_thread_blocked, id=10468, stack(0x0000004d2bb00000,0x0000004d2bc00000)]
  0x00000205d1dffa70 JavaThread "Unconstrained build operations Thread 59" [_thread_blocked, id=10828, stack(0x0000004d2bc00000,0x0000004d2bd00000)]
  0x00000205d1dfcce0 JavaThread "Unconstrained build operations Thread 60" [_thread_blocked, id=4124, stack(0x0000004d2bd00000,0x0000004d2be00000)]
  0x00000205d1dfe630 JavaThread "Unconstrained build operations Thread 61" [_thread_blocked, id=19448, stack(0x0000004d2be00000,0x0000004d2bf00000)]
  0x00000205d1e03220 JavaThread "Unconstrained build operations Thread 62" [_thread_blocked, id=17948, stack(0x0000004d2bf00000,0x0000004d2c000000)]
  0x00000205d1e018d0 JavaThread "Unconstrained build operations Thread 63" [_thread_blocked, id=5300, stack(0x0000004d2c000000,0x0000004d2c100000)]
  0x00000205d1e04660 JavaThread "Unconstrained build operations Thread 64" [_thread_blocked, id=13432, stack(0x0000004d2c100000,0x0000004d2c200000)]
  0x00000205d1dfd700 JavaThread "Unconstrained build operations Thread 65" [_thread_blocked, id=9304, stack(0x0000004d2c200000,0x0000004d2c300000)]
  0x00000205d1e00490 JavaThread "Unconstrained build operations Thread 66" [_thread_blocked, id=22776, stack(0x0000004d2c300000,0x0000004d2c400000)]
  0x00000205d1e01de0 JavaThread "Unconstrained build operations Thread 67" [_thread_blocked, id=8748, stack(0x0000004d2c400000,0x0000004d2c500000)]
  0x00000205d1e022f0 JavaThread "Unconstrained build operations Thread 68" [_thread_blocked, id=8560, stack(0x0000004d2c500000,0x0000004d2c600000)]
  0x00000205d1dfd1f0 JavaThread "Unconstrained build operations Thread 69" [_thread_blocked, id=22540, stack(0x0000004d2c600000,0x0000004d2c700000)]
  0x00000205d1dff050 JavaThread "Unconstrained build operations Thread 70" [_thread_blocked, id=14240, stack(0x0000004d2c700000,0x0000004d2c800000)]
  0x00000205d4caa8b0 JavaThread "Unconstrained build operations Thread 71" [_thread_blocked, id=21648, stack(0x0000004d2c800000,0x0000004d2c900000)]
  0x00000205d4ca7610 JavaThread "Unconstrained build operations Thread 72" [_thread_blocked, id=13924, stack(0x0000004d2c900000,0x0000004d2ca00000)]
  0x00000205d4ca9980 JavaThread "Unconstrained build operations Thread 73" [_thread_blocked, id=17816, stack(0x0000004d2ca00000,0x0000004d2cb00000)]
  0x00000205d4cabcf0 JavaThread "Unconstrained build operations Thread 74" [_thread_blocked, id=3132, stack(0x0000004d2cb00000,0x0000004d2cc00000)]
  0x00000205d4cad640 JavaThread "Unconstrained build operations Thread 75" [_thread_blocked, id=13788, stack(0x0000004d2cc00000,0x0000004d2cd00000)]
  0x00000205d4cac200 JavaThread "Unconstrained build operations Thread 76" [_thread_blocked, id=26972, stack(0x0000004d2cd00000,0x0000004d2ce00000)]
  0x00000205d4cac710 JavaThread "Unconstrained build operations Thread 77" [_thread_blocked, id=19392, stack(0x0000004d2ce00000,0x0000004d2cf00000)]
  0x00000205d4caadc0 JavaThread "Unconstrained build operations Thread 78" [_thread_blocked, id=18612, stack(0x0000004d2cf00000,0x0000004d2d000000)]
  0x00000205d4cacc20 JavaThread "Unconstrained build operations Thread 79" [_thread_blocked, id=7196, stack(0x0000004d2d000000,0x0000004d2d100000)]
  0x00000205d4cad130 JavaThread "Unconstrained build operations Thread 80" [_thread_blocked, id=14904, stack(0x0000004d2d100000,0x0000004d2d200000)]
  0x00000205d4cadb50 JavaThread "File lock release action executor" [_thread_blocked, id=24836, stack(0x0000004d2d200000,0x0000004d2d300000)]
  0x00000205d4cae060 JavaThread "Cache worker for Java compile cache (C:\Users\Rencal\.gradle\caches\8.7\javaCompile)" [_thread_blocked, id=23840, stack(0x0000004d2d400000,0x0000004d2d500000)]
=>0x00000205d1c67580 JavaThread "C2 CompilerThread1" daemon [_thread_in_native, id=11156, stack(0x0000004d25800000,0x0000004d25900000)]
  0x00000205d1c64060 JavaThread "C2 CompilerThread2" daemon [_thread_in_vm, id=10980, stack(0x0000004d26f00000,0x0000004d27000000)]

Other Threads:
  0x00000205b63eeed0 VMThread "VM Thread" [stack: 0x0000004d24300000,0x0000004d24400000] [id=20120]
  0x00000205b6642a70 WatcherThread [stack: 0x0000004d24f00000,0x0000004d25000000] [id=10852]
  0x000002059b8ae0c0 GCTaskThread "GC Thread#0" [stack: 0x0000004d23e00000,0x0000004d23f00000] [id=5380]
  0x00000205d0b87710 GCTaskThread "GC Thread#1" [stack: 0x0000004d25100000,0x0000004d25200000] [id=1396]
  0x00000205d0774fb0 GCTaskThread "GC Thread#2" [stack: 0x0000004d25200000,0x0000004d25300000] [id=4824]
  0x00000205d0e69610 GCTaskThread "GC Thread#3" [stack: 0x0000004d25300000,0x0000004d25400000] [id=1940]
  0x00000205d0e698d0 GCTaskThread "GC Thread#4" [stack: 0x0000004d25400000,0x0000004d25500000] [id=12156]
  0x00000205d0e69b90 GCTaskThread "GC Thread#5" [stack: 0x0000004d25500000,0x0000004d25600000] [id=26220]
  0x00000205d1527110 GCTaskThread "GC Thread#6" [stack: 0x0000004d26300000,0x0000004d26400000] [id=17976]
  0x00000205d1519380 GCTaskThread "GC Thread#7" [stack: 0x0000004d26400000,0x0000004d26500000] [id=15604]
  0x000002059b8b2f20 ConcurrentGCThread "G1 Main Marker" [stack: 0x0000004d23f00000,0x0000004d24000000] [id=14412]
  0x000002059b8b3a60 ConcurrentGCThread "G1 Conc#0" [stack: 0x0000004d24000000,0x0000004d24100000] [id=7668]
  0x00000205d1bdad80 ConcurrentGCThread "G1 Conc#1" [stack: 0x0000004d26800000,0x0000004d26900000] [id=24452]
  0x000002059b92dde0 ConcurrentGCThread "G1 Refine#0" [stack: 0x0000004d24100000,0x0000004d24200000] [id=11864]
  0x00000205d485c620 ConcurrentGCThread "G1 Refine#1" [stack: 0x0000004d27400000,0x0000004d27500000] [id=24168]
  0x00000205d4f8eea0 ConcurrentGCThread "G1 Refine#2" [stack: 0x0000004d2d300000,0x0000004d2d400000] [id=26700]
  0x00000205b62b1150 ConcurrentGCThread "G1 Service" [stack: 0x0000004d24200000,0x0000004d24300000] [id=460]

Threads with active compile tasks:
C2 CompilerThread0    22082 12386       4       com.sun.tools.javac.code.Type$ClassType::isRaw (43 bytes)
C2 CompilerThread1    22082 12322       4       com.sun.tools.javac.code.Types$12::visitClassType (10 bytes)
C2 CompilerThread2    22082 12390   !   4       com.sun.tools.javac.code.Types$12::visitClassType (229 bytes)

VM state: not at safepoint (normal execution)

VM Mutex/Monitor currently owned by a thread: None

Heap address: 0x00000000e0000000, size: 512 MB, Compressed Oops mode: 32-bit

CDS archive(s) mapped at: [0x00000205b7000000-0x00000205b7bb0000-0x00000205b7bb0000), size 12255232, SharedBaseAddress: 0x00000205b7000000, ArchiveRelocationMode: 1.
Compressed class space mapped at: 0x00000205b8000000-0x00000205cc000000, reserved size: 335544320
Narrow klass base: 0x00000205b7000000, Narrow klass shift: 0, Narrow klass range: 0x100000000

GC Precious Log:
 CPUs: 8 total, 8 available
 Memory: 16182M
 Large Page Support: Disabled
 NUMA Support: Disabled
 Compressed Oops: Enabled (32-bit)
 Heap Region Size: 1M
 Heap Min Capacity: 256M
 Heap Initial Capacity: 256M
 Heap Max Capacity: 512M
 Pre-touch: Disabled
 Parallel Workers: 8
 Concurrent Workers: 2
 Concurrent Refinement Workers: 8
 Periodic GC: Disabled

Heap:
 garbage-first heap   total 262144K, used 95360K [0x00000000e0000000, 0x0000000100000000)
  region size 1024K, 21 young (21504K), 4 survivors (4096K)
 Metaspace       used 67721K, committed 68416K, reserved 393216K
  class space    used 9203K, committed 9536K, reserved 327680K

Heap Regions: E=young(eden), S=young(survivor), O=old, HS=humongous(starts), HC=humongous(continues), CS=collection set, F=free, OA=open archive, CA=closed archive, TAMS=top-at-mark-start (previous, next)
|   0|0x00000000e0000000, 0x00000000e0100000, 0x00000000e0100000|100%|HS|  |TAMS 0x00000000e0100000, 0x00000000e0000000| Complete 
|   1|0x00000000e0100000, 0x00000000e0200000, 0x00000000e0200000|100%|HC|  |TAMS 0x00000000e0200000, 0x00000000e0100000| Complete 
|   2|0x00000000e0200000, 0x00000000e0300000, 0x00000000e0300000|100%|HC|  |TAMS 0x00000000e0300000, 0x00000000e0200000| Complete 
|   3|0x00000000e0300000, 0x00000000e0400000, 0x00000000e0400000|100%|HC|  |TAMS 0x00000000e0400000, 0x00000000e0300000| Complete 
|   4|0x00000000e0400000, 0x00000000e0500000, 0x00000000e0500000|100%| O|  |TAMS 0x00000000e0500000, 0x00000000e0400000| Untracked 
|   5|0x00000000e0500000, 0x00000000e0600000, 0x00000000e0600000|100%| O|  |TAMS 0x00000000e0568600, 0x00000000e0500000| Untracked 
|   6|0x00000000e0600000, 0x00000000e0700000, 0x00000000e0700000|100%| O|  |TAMS 0x00000000e0700000, 0x00000000e0600000| Untracked 
|   7|0x00000000e0700000, 0x00000000e0800000, 0x00000000e0800000|100%| O|  |TAMS 0x00000000e0800000, 0x00000000e0700000| Untracked 
|   8|0x00000000e0800000, 0x00000000e0900000, 0x00000000e0900000|100%| O|  |TAMS 0x00000000e0900000, 0x00000000e0800000| Untracked 
|   9|0x00000000e0900000, 0x00000000e0a00000, 0x00000000e0a00000|100%| O|  |TAMS 0x00000000e0a00000, 0x00000000e0900000| Untracked 
|  10|0x00000000e0a00000, 0x00000000e0b00000, 0x00000000e0b00000|100%| O|  |TAMS 0x00000000e0b00000, 0x00000000e0a00000| Untracked 
|  11|0x00000000e0b00000, 0x00000000e0c00000, 0x00000000e0c00000|100%| O|  |TAMS 0x00000000e0c00000, 0x00000000e0b00000| Untracked 
|  12|0x00000000e0c00000, 0x00000000e0d00000, 0x00000000e0d00000|100%| O|  |TAMS 0x00000000e0d00000, 0x00000000e0c00000| Untracked 
|  13|0x00000000e0d00000, 0x00000000e0e00000, 0x00000000e0e00000|100%| O|  |TAMS 0x00000000e0e00000, 0x00000000e0d00000| Untracked 
|  14|0x00000000e0e00000, 0x00000000e0f00000, 0x00000000e0f00000|100%| O|  |TAMS 0x00000000e0f00000, 0x00000000e0e00000| Untracked 
|  15|0x00000000e0f00000, 0x00000000e1000000, 0x00000000e1000000|100%| O|  |TAMS 0x00000000e1000000, 0x00000000e0f00000| Untracked 
|  16|0x00000000e1000000, 0x00000000e1100000, 0x00000000e1100000|100%| O|  |TAMS 0x00000000e1100000, 0x00000000e1000000| Untracked 
|  17|0x00000000e1100000, 0x00000000e1200000, 0x00000000e1200000|100%| O|  |TAMS 0x00000000e1200000, 0x00000000e1100000| Untracked 
|  18|0x00000000e1200000, 0x00000000e1300000, 0x00000000e1300000|100%| O|  |TAMS 0x00000000e1300000, 0x00000000e1200000| Untracked 
|  19|0x00000000e1300000, 0x00000000e1400000, 0x00000000e1400000|100%| O|  |TAMS 0x00000000e1400000, 0x00000000e1300000| Untracked 
|  20|0x00000000e1400000, 0x00000000e1500000, 0x00000000e1500000|100%| O|  |TAMS 0x00000000e1500000, 0x00000000e1400000| Untracked 
|  21|0x00000000e1500000, 0x00000000e1600000, 0x00000000e1600000|100%| O|  |TAMS 0x00000000e1600000, 0x00000000e1500000| Untracked 
|  22|0x00000000e1600000, 0x00000000e1700000, 0x00000000e1700000|100%| O|  |TAMS 0x00000000e1700000, 0x00000000e1600000| Untracked 
|  23|0x00000000e1700000, 0x00000000e1800000, 0x00000000e1800000|100%| O|  |TAMS 0x00000000e1800000, 0x00000000e1700000| Untracked 
|  24|0x00000000e1800000, 0x00000000e1900000, 0x00000000e1900000|100%| O|  |TAMS 0x00000000e1900000, 0x00000000e1800000| Untracked 
|  25|0x00000000e1900000, 0x00000000e1a00000, 0x00000000e1a00000|100%| O|  |TAMS 0x00000000e1a00000, 0x00000000e1900000| Untracked 
|  26|0x00000000e1a00000, 0x00000000e1b00000, 0x00000000e1b00000|100%| O|  |TAMS 0x00000000e1b00000, 0x00000000e1a00000| Untracked 
|  27|0x00000000e1b00000, 0x00000000e1c00000, 0x00000000e1c00000|100%| O|  |TAMS 0x00000000e1c00000, 0x00000000e1b00000| Untracked 
|  28|0x00000000e1c00000, 0x00000000e1d00000, 0x00000000e1d00000|100%| O|  |TAMS 0x00000000e1d00000, 0x00000000e1c00000| Untracked 
|  29|0x00000000e1d00000, 0x00000000e1e00000, 0x00000000e1e00000|100%| O|  |TAMS 0x00000000e1e00000, 0x00000000e1d00000| Untracked 
|  30|0x00000000e1e00000, 0x00000000e1f00000, 0x00000000e1f00000|100%| O|  |TAMS 0x00000000e1f00000, 0x00000000e1e00000| Untracked 
|  31|0x00000000e1f00000, 0x00000000e2000000, 0x00000000e2000000|100%| O|  |TAMS 0x00000000e2000000, 0x00000000e1f00000| Untracked 
|  32|0x00000000e2000000, 0x00000000e2100000, 0x00000000e2100000|100%|HS|  |TAMS 0x00000000e2000000, 0x00000000e2000000| Complete 
|  33|0x00000000e2100000, 0x00000000e2200000, 0x00000000e2200000|100%| O|  |TAMS 0x00000000e2100000, 0x00000000e2100000| Untracked 
|  34|0x00000000e2200000, 0x00000000e2300000, 0x00000000e2300000|100%| O|  |TAMS 0x00000000e2200000, 0x00000000e2200000| Untracked 
|  35|0x00000000e2300000, 0x00000000e2400000, 0x00000000e2400000|100%| O|  |TAMS 0x00000000e2300000, 0x00000000e2300000| Untracked 
|  36|0x00000000e2400000, 0x00000000e2500000, 0x00000000e2500000|100%| O|  |TAMS 0x00000000e2400000, 0x00000000e2400000| Untracked 
|  37|0x00000000e2500000, 0x00000000e2600000, 0x00000000e2600000|100%| O|  |TAMS 0x00000000e2500000, 0x00000000e2500000| Untracked 
|  38|0x00000000e2600000, 0x00000000e2700000, 0x00000000e2700000|100%| O|  |TAMS 0x00000000e2600000, 0x00000000e2600000| Untracked 
|  39|0x00000000e2700000, 0x00000000e2800000, 0x00000000e2800000|100%| O|  |TAMS 0x00000000e2700000, 0x00000000e2700000| Untracked 
|  40|0x00000000e2800000, 0x00000000e2900000, 0x00000000e2900000|100%| O|  |TAMS 0x00000000e2800000, 0x00000000e2800000| Untracked 
|  41|0x00000000e2900000, 0x00000000e2a00000, 0x00000000e2a00000|100%| O|  |TAMS 0x00000000e2900000, 0x00000000e2900000| Untracked 
|  42|0x00000000e2a00000, 0x00000000e2b00000, 0x00000000e2b00000|100%| O|  |TAMS 0x00000000e2a00000, 0x00000000e2a00000| Untracked 
|  43|0x00000000e2b00000, 0x00000000e2c00000, 0x00000000e2c00000|100%| O|  |TAMS 0x00000000e2b00000, 0x00000000e2b00000| Untracked 
|  44|0x00000000e2c00000, 0x00000000e2d00000, 0x00000000e2d00000|100%| O|  |TAMS 0x00000000e2c00000, 0x00000000e2c00000| Untracked 
|  45|0x00000000e2d00000, 0x00000000e2e00000, 0x00000000e2e00000|100%| O|  |TAMS 0x00000000e2d00000, 0x00000000e2d00000| Untracked 
|  46|0x00000000e2e00000, 0x00000000e2f00000, 0x00000000e2f00000|100%| O|  |TAMS 0x00000000e2e00000, 0x00000000e2e00000| Untracked 
|  47|0x00000000e2f00000, 0x00000000e3000000, 0x00000000e3000000|100%| O|  |TAMS 0x00000000e2f00000, 0x00000000e2f00000| Untracked 
|  48|0x00000000e3000000, 0x00000000e3100000, 0x00000000e3100000|100%| O|  |TAMS 0x00000000e3000000, 0x00000000e3000000| Untracked 
|  49|0x00000000e3100000, 0x00000000e3200000, 0x00000000e3200000|100%| O|  |TAMS 0x00000000e3100000, 0x00000000e3100000| Untracked 
|  50|0x00000000e3200000, 0x00000000e3300000, 0x00000000e3300000|100%| O|  |TAMS 0x00000000e3200000, 0x00000000e3200000| Untracked 
|  51|0x00000000e3300000, 0x00000000e3400000, 0x00000000e3400000|100%| O|  |TAMS 0x00000000e3300000, 0x00000000e3300000| Untracked 
|  52|0x00000000e3400000, 0x00000000e3500000, 0x00000000e3500000|100%| O|  |TAMS 0x00000000e3400000, 0x00000000e3400000| Untracked 
|  53|0x00000000e3500000, 0x00000000e3600000, 0x00000000e3600000|100%| O|  |TAMS 0x00000000e3500000, 0x00000000e3500000| Untracked 
|  54|0x00000000e3600000, 0x00000000e3700000, 0x00000000e3700000|100%| O|  |TAMS 0x00000000e3600000, 0x00000000e3600000| Untracked 
|  55|0x00000000e3700000, 0x00000000e3800000, 0x00000000e3800000|100%| O|  |TAMS 0x00000000e3700000, 0x00000000e3700000| Untracked 
|  56|0x00000000e3800000, 0x00000000e3900000, 0x00000000e3900000|100%| O|  |TAMS 0x00000000e3800000, 0x00000000e3800000| Untracked 
|  57|0x00000000e3900000, 0x00000000e3a00000, 0x00000000e3a00000|100%| O|  |TAMS 0x00000000e3900000, 0x00000000e3900000| Untracked 
|  58|0x00000000e3a00000, 0x00000000e3b00000, 0x00000000e3b00000|100%| O|  |TAMS 0x00000000e3a00000, 0x00000000e3a00000| Untracked 
|  59|0x00000000e3b00000, 0x00000000e3c00000, 0x00000000e3c00000|100%| O|  |TAMS 0x00000000e3b00000, 0x00000000e3b00000| Untracked 
|  60|0x00000000e3c00000, 0x00000000e3d00000, 0x00000000e3d00000|100%| O|  |TAMS 0x00000000e3c00000, 0x00000000e3c00000| Untracked 
|  61|0x00000000e3d00000, 0x00000000e3e00000, 0x00000000e3e00000|100%| O|  |TAMS 0x00000000e3d00000, 0x00000000e3d00000| Untracked 
|  62|0x00000000e3e00000, 0x00000000e3f00000, 0x00000000e3f00000|100%| O|  |TAMS 0x00000000e3e00000, 0x00000000e3e00000| Untracked 
|  63|0x00000000e3f00000, 0x00000000e4000000, 0x00000000e4000000|100%| O|  |TAMS 0x00000000e3f00000, 0x00000000e3f00000| Untracked 
|  64|0x00000000e4000000, 0x00000000e4100000, 0x00000000e4100000|100%| O|  |TAMS 0x00000000e4000000, 0x00000000e4000000| Untracked 
|  65|0x00000000e4100000, 0x00000000e4200000, 0x00000000e4200000|100%| O|  |TAMS 0x00000000e4100000, 0x00000000e4100000| Untracked 
|  66|0x00000000e4200000, 0x00000000e4300000, 0x00000000e4300000|100%| O|  |TAMS 0x00000000e4200000, 0x00000000e4200000| Untracked 
|  67|0x00000000e4300000, 0x00000000e4400000, 0x00000000e4400000|100%| O|  |TAMS 0x00000000e4300000, 0x00000000e4300000| Untracked 
|  68|0x00000000e4400000, 0x00000000e4500000, 0x00000000e4500000|100%| O|  |TAMS 0x00000000e4400000, 0x00000000e4400000| Untracked 
|  69|0x00000000e4500000, 0x00000000e4600000, 0x00000000e4600000|100%| O|  |TAMS 0x00000000e4500000, 0x00000000e4500000| Untracked 
|  70|0x00000000e4600000, 0x00000000e4700000, 0x00000000e4700000|100%| O|  |TAMS 0x00000000e4600000, 0x00000000e4600000| Untracked 
|  71|0x00000000e4700000, 0x00000000e4800000, 0x00000000e4800000|100%| O|  |TAMS 0x00000000e4700000, 0x00000000e4700000| Untracked 
|  72|0x00000000e4800000, 0x00000000e4900000, 0x00000000e4900000|100%| O|  |TAMS 0x00000000e4800000, 0x00000000e4800000| Untracked 
|  73|0x00000000e4900000, 0x00000000e4920200, 0x00000000e4a00000| 12%| O|  |TAMS 0x00000000e4900000, 0x00000000e4900000| Untracked 
|  74|0x00000000e4a00000, 0x00000000e4a00000, 0x00000000e4b00000|  0%| F|  |TAMS 0x00000000e4a00000, 0x00000000e4a00000| Untracked 
|  75|0x00000000e4b00000, 0x00000000e4b00000, 0x00000000e4c00000|  0%| F|  |TAMS 0x00000000e4b00000, 0x00000000e4b00000| Untracked 
|  76|0x00000000e4c00000, 0x00000000e4c00000, 0x00000000e4d00000|  0%| F|  |TAMS 0x00000000e4c00000, 0x00000000e4c00000| Untracked 
|  77|0x00000000e4d00000, 0x00000000e4d00000, 0x00000000e4e00000|  0%| F|  |TAMS 0x00000000e4d00000, 0x00000000e4d00000| Untracked 
|  78|0x00000000e4e00000, 0x00000000e4e00000, 0x00000000e4f00000|  0%| F|  |TAMS 0x00000000e4e00000, 0x00000000e4e00000| Untracked 
|  79|0x00000000e4f00000, 0x00000000e4f00000, 0x00000000e5000000|  0%| F|  |TAMS 0x00000000e4f00000, 0x00000000e4f00000| Untracked 
|  80|0x00000000e5000000, 0x00000000e5000000, 0x00000000e5100000|  0%| F|  |TAMS 0x00000000e5000000, 0x00000000e5000000| Untracked 
|  81|0x00000000e5100000, 0x00000000e5100000, 0x00000000e5200000|  0%| F|  |TAMS 0x00000000e5100000, 0x00000000e5100000| Untracked 
|  82|0x00000000e5200000, 0x00000000e5200000, 0x00000000e5300000|  0%| F|  |TAMS 0x00000000e5200000, 0x00000000e5200000| Untracked 
|  83|0x00000000e5300000, 0x00000000e5300000, 0x00000000e5400000|  0%| F|  |TAMS 0x00000000e5300000, 0x00000000e5300000| Untracked 
|  84|0x00000000e5400000, 0x00000000e5400000, 0x00000000e5500000|  0%| F|  |TAMS 0x00000000e5400000, 0x00000000e5400000| Untracked 
|  85|0x00000000e5500000, 0x00000000e5500000, 0x00000000e5600000|  0%| F|  |TAMS 0x00000000e5500000, 0x00000000e5500000| Untracked 
|  86|0x00000000e5600000, 0x00000000e5600000, 0x00000000e5700000|  0%| F|  |TAMS 0x00000000e5600000, 0x00000000e5600000| Untracked 
|  87|0x00000000e5700000, 0x00000000e5700000, 0x00000000e5800000|  0%| F|  |TAMS 0x00000000e5700000, 0x00000000e5700000| Untracked 
|  88|0x00000000e5800000, 0x00000000e5800000, 0x00000000e5900000|  0%| F|  |TAMS 0x00000000e5800000, 0x00000000e5800000| Untracked 
|  89|0x00000000e5900000, 0x00000000e5900000, 0x00000000e5a00000|  0%| F|  |TAMS 0x00000000e5900000, 0x00000000e5900000| Untracked 
|  90|0x00000000e5a00000, 0x00000000e5a00000, 0x00000000e5b00000|  0%| F|  |TAMS 0x00000000e5a00000, 0x00000000e5a00000| Untracked 
|  91|0x00000000e5b00000, 0x00000000e5b00000, 0x00000000e5c00000|  0%| F|  |TAMS 0x00000000e5b00000, 0x00000000e5b00000| Untracked 
|  92|0x00000000e5c00000, 0x00000000e5c00000, 0x00000000e5d00000|  0%| F|  |TAMS 0x00000000e5c00000, 0x00000000e5c00000| Untracked 
|  93|0x00000000e5d00000, 0x00000000e5d00000, 0x00000000e5e00000|  0%| F|  |TAMS 0x00000000e5d00000, 0x00000000e5d00000| Untracked 
|  94|0x00000000e5e00000, 0x00000000e5e00000, 0x00000000e5f00000|  0%| F|  |TAMS 0x00000000e5e00000, 0x00000000e5e00000| Untracked 
|  95|0x00000000e5f00000, 0x00000000e5f00000, 0x00000000e6000000|  0%| F|  |TAMS 0x00000000e5f00000, 0x00000000e5f00000| Untracked 
|  96|0x00000000e6000000, 0x00000000e6000000, 0x00000000e6100000|  0%| F|  |TAMS 0x00000000e6000000, 0x00000000e6000000| Untracked 
|  97|0x00000000e6100000, 0x00000000e6100000, 0x00000000e6200000|  0%| F|  |TAMS 0x00000000e6100000, 0x00000000e6100000| Untracked 
|  98|0x00000000e6200000, 0x00000000e6200000, 0x00000000e6300000|  0%| F|  |TAMS 0x00000000e6200000, 0x00000000e6200000| Untracked 
|  99|0x00000000e6300000, 0x00000000e6300000, 0x00000000e6400000|  0%| F|  |TAMS 0x00000000e6300000, 0x00000000e6300000| Untracked 
| 100|0x00000000e6400000, 0x00000000e6400000, 0x00000000e6500000|  0%| F|  |TAMS 0x00000000e6400000, 0x00000000e6400000| Untracked 
| 101|0x00000000e6500000, 0x00000000e6500000, 0x00000000e6600000|  0%| F|  |TAMS 0x00000000e6500000, 0x00000000e6500000| Untracked 
| 102|0x00000000e6600000, 0x00000000e6600000, 0x00000000e6700000|  0%| F|  |TAMS 0x00000000e6600000, 0x00000000e6600000| Untracked 
| 103|0x00000000e6700000, 0x00000000e6700000, 0x00000000e6800000|  0%| F|  |TAMS 0x00000000e6700000, 0x00000000e6700000| Untracked 
| 104|0x00000000e6800000, 0x00000000e6800000, 0x00000000e6900000|  0%| F|  |TAMS 0x00000000e6800000, 0x00000000e6800000| Untracked 
| 105|0x00000000e6900000, 0x00000000e6900000, 0x00000000e6a00000|  0%| F|  |TAMS 0x00000000e6900000, 0x00000000e6900000| Untracked 
| 106|0x00000000e6a00000, 0x00000000e6a00000, 0x00000000e6b00000|  0%| F|  |TAMS 0x00000000e6a00000, 0x00000000e6a00000| Untracked 
| 107|0x00000000e6b00000, 0x00000000e6b00000, 0x00000000e6c00000|  0%| F|  |TAMS 0x00000000e6b00000, 0x00000000e6b00000| Untracked 
| 108|0x00000000e6c00000, 0x00000000e6c00000, 0x00000000e6d00000|  0%| F|  |TAMS 0x00000000e6c00000, 0x00000000e6c00000| Untracked 
| 109|0x00000000e6d00000, 0x00000000e6d00000, 0x00000000e6e00000|  0%| F|  |TAMS 0x00000000e6d00000, 0x00000000e6d00000| Untracked 
| 110|0x00000000e6e00000, 0x00000000e6e00000, 0x00000000e6f00000|  0%| F|  |TAMS 0x00000000e6e00000, 0x00000000e6e00000| Untracked 
| 111|0x00000000e6f00000, 0x00000000e6f00000, 0x00000000e7000000|  0%| F|  |TAMS 0x00000000e6f00000, 0x00000000e6f00000| Untracked 
| 112|0x00000000e7000000, 0x00000000e7000000, 0x00000000e7100000|  0%| F|  |TAMS 0x00000000e7000000, 0x00000000e7000000| Untracked 
| 113|0x00000000e7100000, 0x00000000e7100000, 0x00000000e7200000|  0%| F|  |TAMS 0x00000000e7100000, 0x00000000e7100000| Untracked 
| 114|0x00000000e7200000, 0x00000000e7200000, 0x00000000e7300000|  0%| F|  |TAMS 0x00000000e7200000, 0x00000000e7200000| Untracked 
| 115|0x00000000e7300000, 0x00000000e7300000, 0x00000000e7400000|  0%| F|  |TAMS 0x00000000e7300000, 0x00000000e7300000| Untracked 
| 116|0x00000000e7400000, 0x00000000e7400000, 0x00000000e7500000|  0%| F|  |TAMS 0x00000000e7400000, 0x00000000e7400000| Untracked 
| 117|0x00000000e7500000, 0x00000000e7500000, 0x00000000e7600000|  0%| F|  |TAMS 0x00000000e7500000, 0x00000000e7500000| Untracked 
| 118|0x00000000e7600000, 0x00000000e7600000, 0x00000000e7700000|  0%| F|  |TAMS 0x00000000e7600000, 0x00000000e7600000| Untracked 
| 119|0x00000000e7700000, 0x00000000e7700000, 0x00000000e7800000|  0%| F|  |TAMS 0x00000000e7700000, 0x00000000e7700000| Untracked 
| 120|0x00000000e7800000, 0x00000000e7800000, 0x00000000e7900000|  0%| F|  |TAMS 0x00000000e7800000, 0x00000000e7800000| Untracked 
| 121|0x00000000e7900000, 0x00000000e7900000, 0x00000000e7a00000|  0%| F|  |TAMS 0x00000000e7900000, 0x00000000e7900000| Untracked 
| 122|0x00000000e7a00000, 0x00000000e7a00000, 0x00000000e7b00000|  0%| F|  |TAMS 0x00000000e7a00000, 0x00000000e7a00000| Untracked 
| 123|0x00000000e7b00000, 0x00000000e7b00000, 0x00000000e7c00000|  0%| F|  |TAMS 0x00000000e7b00000, 0x00000000e7b00000| Untracked 
| 124|0x00000000e7c00000, 0x00000000e7c00000, 0x00000000e7d00000|  0%| F|  |TAMS 0x00000000e7c00000, 0x00000000e7c00000| Untracked 
| 125|0x00000000e7d00000, 0x00000000e7d00000, 0x00000000e7e00000|  0%| F|  |TAMS 0x00000000e7d00000, 0x00000000e7d00000| Untracked 
| 126|0x00000000e7e00000, 0x00000000e7e00000, 0x00000000e7f00000|  0%| F|  |TAMS 0x00000000e7e00000, 0x00000000e7e00000| Untracked 
| 127|0x00000000e7f00000, 0x00000000e7f00000, 0x00000000e8000000|  0%| F|  |TAMS 0x00000000e7f00000, 0x00000000e7f00000| Untracked 
| 128|0x00000000e8000000, 0x00000000e8000000, 0x00000000e8100000|  0%| F|  |TAMS 0x00000000e8000000, 0x00000000e8000000| Untracked 
| 129|0x00000000e8100000, 0x00000000e8200000, 0x00000000e8200000|100%| S|CS|TAMS 0x00000000e8100000, 0x00000000e8100000| Complete 
| 130|0x00000000e8200000, 0x00000000e8300000, 0x00000000e8300000|100%| S|CS|TAMS 0x00000000e8200000, 0x00000000e8200000| Complete 
| 131|0x00000000e8300000, 0x00000000e8400000, 0x00000000e8400000|100%| S|CS|TAMS 0x00000000e8300000, 0x00000000e8300000| Complete 
| 132|0x00000000e8400000, 0x00000000e8500000, 0x00000000e8500000|100%| S|CS|TAMS 0x00000000e8400000, 0x00000000e8400000| Complete 
| 133|0x00000000e8500000, 0x00000000e8500000, 0x00000000e8600000|  0%| F|  |TAMS 0x00000000e8500000, 0x00000000e8500000| Untracked 
| 134|0x00000000e8600000, 0x00000000e8600000, 0x00000000e8700000|  0%| F|  |TAMS 0x00000000e8600000, 0x00000000e8600000| Untracked 
| 135|0x00000000e8700000, 0x00000000e8700000, 0x00000000e8800000|  0%| F|  |TAMS 0x00000000e8700000, 0x00000000e8700000| Untracked 
| 136|0x00000000e8800000, 0x00000000e8800000, 0x00000000e8900000|  0%| F|  |TAMS 0x00000000e8800000, 0x00000000e8800000| Untracked 
| 137|0x00000000e8900000, 0x00000000e8900000, 0x00000000e8a00000|  0%| F|  |TAMS 0x00000000e8900000, 0x00000000e8900000| Untracked 
| 138|0x00000000e8a00000, 0x00000000e8a00000, 0x00000000e8b00000|  0%| F|  |TAMS 0x00000000e8a00000, 0x00000000e8a00000| Untracked 
| 139|0x00000000e8b00000, 0x00000000e8b00000, 0x00000000e8c00000|  0%| F|  |TAMS 0x00000000e8b00000, 0x00000000e8b00000| Untracked 
| 140|0x00000000e8c00000, 0x00000000e8c00000, 0x00000000e8d00000|  0%| F|  |TAMS 0x00000000e8c00000, 0x00000000e8c00000| Untracked 
| 141|0x00000000e8d00000, 0x00000000e8d00000, 0x00000000e8e00000|  0%| F|  |TAMS 0x00000000e8d00000, 0x00000000e8d00000| Untracked 
| 142|0x00000000e8e00000, 0x00000000e8e00000, 0x00000000e8f00000|  0%| F|  |TAMS 0x00000000e8e00000, 0x00000000e8e00000| Untracked 
| 143|0x00000000e8f00000, 0x00000000e8f00000, 0x00000000e9000000|  0%| F|  |TAMS 0x00000000e8f00000, 0x00000000e8f00000| Untracked 
| 144|0x00000000e9000000, 0x00000000e9000000, 0x00000000e9100000|  0%| F|  |TAMS 0x00000000e9000000, 0x00000000e9000000| Untracked 
| 145|0x00000000e9100000, 0x00000000e9100000, 0x00000000e9200000|  0%| F|  |TAMS 0x00000000e9100000, 0x00000000e9100000| Untracked 
| 146|0x00000000e9200000, 0x00000000e9200000, 0x00000000e9300000|  0%| F|  |TAMS 0x00000000e9200000, 0x00000000e9200000| Untracked 
| 147|0x00000000e9300000, 0x00000000e9300000, 0x00000000e9400000|  0%| F|  |TAMS 0x00000000e9300000, 0x00000000e9300000| Untracked 
| 148|0x00000000e9400000, 0x00000000e9400000, 0x00000000e9500000|  0%| F|  |TAMS 0x00000000e9400000, 0x00000000e9400000| Untracked 
| 149|0x00000000e9500000, 0x00000000e9500000, 0x00000000e9600000|  0%| F|  |TAMS 0x00000000e9500000, 0x00000000e9500000| Untracked 
| 150|0x00000000e9600000, 0x00000000e9600000, 0x00000000e9700000|  0%| F|  |TAMS 0x00000000e9600000, 0x00000000e9600000| Untracked 
| 151|0x00000000e9700000, 0x00000000e9700000, 0x00000000e9800000|  0%| F|  |TAMS 0x00000000e9700000, 0x00000000e9700000| Untracked 
| 152|0x00000000e9800000, 0x00000000e9800000, 0x00000000e9900000|  0%| F|  |TAMS 0x00000000e9800000, 0x00000000e9800000| Untracked 
| 153|0x00000000e9900000, 0x00000000e9900000, 0x00000000e9a00000|  0%| F|  |TAMS 0x00000000e9900000, 0x00000000e9900000| Untracked 
| 154|0x00000000e9a00000, 0x00000000e9a00000, 0x00000000e9b00000|  0%| F|  |TAMS 0x00000000e9a00000, 0x00000000e9a00000| Untracked 
| 155|0x00000000e9b00000, 0x00000000e9b00000, 0x00000000e9c00000|  0%| F|  |TAMS 0x00000000e9b00000, 0x00000000e9b00000| Untracked 
| 156|0x00000000e9c00000, 0x00000000e9c00000, 0x00000000e9d00000|  0%| F|  |TAMS 0x00000000e9c00000, 0x00000000e9c00000| Untracked 
| 157|0x00000000e9d00000, 0x00000000e9d00000, 0x00000000e9e00000|  0%| F|  |TAMS 0x00000000e9d00000, 0x00000000e9d00000| Untracked 
| 158|0x00000000e9e00000, 0x00000000e9e00000, 0x00000000e9f00000|  0%| F|  |TAMS 0x00000000e9e00000, 0x00000000e9e00000| Untracked 
| 159|0x00000000e9f00000, 0x00000000e9f00000, 0x00000000ea000000|  0%| F|  |TAMS 0x00000000e9f00000, 0x00000000e9f00000| Untracked 
| 160|0x00000000ea000000, 0x00000000ea000000, 0x00000000ea100000|  0%| F|  |TAMS 0x00000000ea000000, 0x00000000ea000000| Untracked 
| 161|0x00000000ea100000, 0x00000000ea100000, 0x00000000ea200000|  0%| F|  |TAMS 0x00000000ea100000, 0x00000000ea100000| Untracked 
| 162|0x00000000ea200000, 0x00000000ea200000, 0x00000000ea300000|  0%| F|  |TAMS 0x00000000ea200000, 0x00000000ea200000| Untracked 
| 163|0x00000000ea300000, 0x00000000ea300000, 0x00000000ea400000|  0%| F|  |TAMS 0x00000000ea300000, 0x00000000ea300000| Untracked 
| 164|0x00000000ea400000, 0x00000000ea400000, 0x00000000ea500000|  0%| F|  |TAMS 0x00000000ea400000, 0x00000000ea400000| Untracked 
| 165|0x00000000ea500000, 0x00000000ea500000, 0x00000000ea600000|  0%| F|  |TAMS 0x00000000ea500000, 0x00000000ea500000| Untracked 
| 166|0x00000000ea600000, 0x00000000ea600000, 0x00000000ea700000|  0%| F|  |TAMS 0x00000000ea600000, 0x00000000ea600000| Untracked 
| 167|0x00000000ea700000, 0x00000000ea700000, 0x00000000ea800000|  0%| F|  |TAMS 0x00000000ea700000, 0x00000000ea700000| Untracked 
| 168|0x00000000ea800000, 0x00000000ea800000, 0x00000000ea900000|  0%| F|  |TAMS 0x00000000ea800000, 0x00000000ea800000| Untracked 
| 169|0x00000000ea900000, 0x00000000ea900000, 0x00000000eaa00000|  0%| F|  |TAMS 0x00000000ea900000, 0x00000000ea900000| Untracked 
| 170|0x00000000eaa00000, 0x00000000eaa00000, 0x00000000eab00000|  0%| F|  |TAMS 0x00000000eaa00000, 0x00000000eaa00000| Untracked 
| 171|0x00000000eab00000, 0x00000000eab00000, 0x00000000eac00000|  0%| F|  |TAMS 0x00000000eab00000, 0x00000000eab00000| Untracked 
| 172|0x00000000eac00000, 0x00000000eac00000, 0x00000000ead00000|  0%| F|  |TAMS 0x00000000eac00000, 0x00000000eac00000| Untracked 
| 173|0x00000000ead00000, 0x00000000ead00000, 0x00000000eae00000|  0%| F|  |TAMS 0x00000000ead00000, 0x00000000ead00000| Untracked 
| 174|0x00000000eae00000, 0x00000000eae00000, 0x00000000eaf00000|  0%| F|  |TAMS 0x00000000eae00000, 0x00000000eae00000| Untracked 
| 175|0x00000000eaf00000, 0x00000000eaf00000, 0x00000000eb000000|  0%| F|  |TAMS 0x00000000eaf00000, 0x00000000eaf00000| Untracked 
| 176|0x00000000eb000000, 0x00000000eb000000, 0x00000000eb100000|  0%| F|  |TAMS 0x00000000eb000000, 0x00000000eb000000| Untracked 
| 177|0x00000000eb100000, 0x00000000eb100000, 0x00000000eb200000|  0%| F|  |TAMS 0x00000000eb100000, 0x00000000eb100000| Untracked 
| 178|0x00000000eb200000, 0x00000000eb200000, 0x00000000eb300000|  0%| F|  |TAMS 0x00000000eb200000, 0x00000000eb200000| Untracked 
| 179|0x00000000eb300000, 0x00000000eb300000, 0x00000000eb400000|  0%| F|  |TAMS 0x00000000eb300000, 0x00000000eb300000| Untracked 
| 180|0x00000000eb400000, 0x00000000eb400000, 0x00000000eb500000|  0%| F|  |TAMS 0x00000000eb400000, 0x00000000eb400000| Untracked 
| 181|0x00000000eb500000, 0x00000000eb500000, 0x00000000eb600000|  0%| F|  |TAMS 0x00000000eb500000, 0x00000000eb500000| Untracked 
| 182|0x00000000eb600000, 0x00000000eb600000, 0x00000000eb700000|  0%| F|  |TAMS 0x00000000eb600000, 0x00000000eb600000| Untracked 
| 183|0x00000000eb700000, 0x00000000eb700000, 0x00000000eb800000|  0%| F|  |TAMS 0x00000000eb700000, 0x00000000eb700000| Untracked 
| 184|0x00000000eb800000, 0x00000000eb800000, 0x00000000eb900000|  0%| F|  |TAMS 0x00000000eb800000, 0x00000000eb800000| Untracked 
| 185|0x00000000eb900000, 0x00000000eb900000, 0x00000000eba00000|  0%| F|  |TAMS 0x00000000eb900000, 0x00000000eb900000| Untracked 
| 186|0x00000000eba00000, 0x00000000eba00000, 0x00000000ebb00000|  0%| F|  |TAMS 0x00000000eba00000, 0x00000000eba00000| Untracked 
| 187|0x00000000ebb00000, 0x00000000ebb00000, 0x00000000ebc00000|  0%| F|  |TAMS 0x00000000ebb00000, 0x00000000ebb00000| Untracked 
| 188|0x00000000ebc00000, 0x00000000ebc00000, 0x00000000ebd00000|  0%| F|  |TAMS 0x00000000ebc00000, 0x00000000ebc00000| Untracked 
| 189|0x00000000ebd00000, 0x00000000ebd00000, 0x00000000ebe00000|  0%| F|  |TAMS 0x00000000ebd00000, 0x00000000ebd00000| Untracked 
| 190|0x00000000ebe00000, 0x00000000ebe00000, 0x00000000ebf00000|  0%| F|  |TAMS 0x00000000ebe00000, 0x00000000ebe00000| Untracked 
| 191|0x00000000ebf00000, 0x00000000ebf00000, 0x00000000ec000000|  0%| F|  |TAMS 0x00000000ebf00000, 0x00000000ebf00000| Untracked 
| 192|0x00000000ec000000, 0x00000000ec000000, 0x00000000ec100000|  0%| F|  |TAMS 0x00000000ec000000, 0x00000000ec000000| Untracked 
| 193|0x00000000ec100000, 0x00000000ec100000, 0x00000000ec200000|  0%| F|  |TAMS 0x00000000ec100000, 0x00000000ec100000| Untracked 
| 194|0x00000000ec200000, 0x00000000ec200000, 0x00000000ec300000|  0%| F|  |TAMS 0x00000000ec200000, 0x00000000ec200000| Untracked 
| 195|0x00000000ec300000, 0x00000000ec300000, 0x00000000ec400000|  0%| F|  |TAMS 0x00000000ec300000, 0x00000000ec300000| Untracked 
| 196|0x00000000ec400000, 0x00000000ec400000, 0x00000000ec500000|  0%| F|  |TAMS 0x00000000ec400000, 0x00000000ec400000| Untracked 
| 197|0x00000000ec500000, 0x00000000ec500000, 0x00000000ec600000|  0%| F|  |TAMS 0x00000000ec500000, 0x00000000ec500000| Untracked 
| 198|0x00000000ec600000, 0x00000000ec600000, 0x00000000ec700000|  0%| F|  |TAMS 0x00000000ec600000, 0x00000000ec600000| Untracked 
| 199|0x00000000ec700000, 0x00000000ec700000, 0x00000000ec800000|  0%| F|  |TAMS 0x00000000ec700000, 0x00000000ec700000| Untracked 
| 200|0x00000000ec800000, 0x00000000ec800000, 0x00000000ec900000|  0%| F|  |TAMS 0x00000000ec800000, 0x00000000ec800000| Untracked 
| 201|0x00000000ec900000, 0x00000000ec900000, 0x00000000eca00000|  0%| F|  |TAMS 0x00000000ec900000, 0x00000000ec900000| Untracked 
| 202|0x00000000eca00000, 0x00000000eca00000, 0x00000000ecb00000|  0%| F|  |TAMS 0x00000000eca00000, 0x00000000eca00000| Untracked 
| 203|0x00000000ecb00000, 0x00000000ecb00000, 0x00000000ecc00000|  0%| F|  |TAMS 0x00000000ecb00000, 0x00000000ecb00000| Untracked 
| 204|0x00000000ecc00000, 0x00000000ecc00000, 0x00000000ecd00000|  0%| F|  |TAMS 0x00000000ecc00000, 0x00000000ecc00000| Untracked 
| 205|0x00000000ecd00000, 0x00000000ecd00000, 0x00000000ece00000|  0%| F|  |TAMS 0x00000000ecd00000, 0x00000000ecd00000| Untracked 
| 206|0x00000000ece00000, 0x00000000ece00000, 0x00000000ecf00000|  0%| F|  |TAMS 0x00000000ece00000, 0x00000000ece00000| Untracked 
| 207|0x00000000ecf00000, 0x00000000ecf00000, 0x00000000ed000000|  0%| F|  |TAMS 0x00000000ecf00000, 0x00000000ecf00000| Untracked 
| 208|0x00000000ed000000, 0x00000000ed000000, 0x00000000ed100000|  0%| F|  |TAMS 0x00000000ed000000, 0x00000000ed000000| Untracked 
| 209|0x00000000ed100000, 0x00000000ed100000, 0x00000000ed200000|  0%| F|  |TAMS 0x00000000ed100000, 0x00000000ed100000| Untracked 
| 210|0x00000000ed200000, 0x00000000ed200000, 0x00000000ed300000|  0%| F|  |TAMS 0x00000000ed200000, 0x00000000ed200000| Untracked 
| 211|0x00000000ed300000, 0x00000000ed300000, 0x00000000ed400000|  0%| F|  |TAMS 0x00000000ed300000, 0x00000000ed300000| Untracked 
| 212|0x00000000ed400000, 0x00000000ed400000, 0x00000000ed500000|  0%| F|  |TAMS 0x00000000ed400000, 0x00000000ed400000| Untracked 
| 213|0x00000000ed500000, 0x00000000ed500000, 0x00000000ed600000|  0%| F|  |TAMS 0x00000000ed500000, 0x00000000ed500000| Untracked 
| 214|0x00000000ed600000, 0x00000000ed600000, 0x00000000ed700000|  0%| F|  |TAMS 0x00000000ed600000, 0x00000000ed600000| Untracked 
| 215|0x00000000ed700000, 0x00000000ed700000, 0x00000000ed800000|  0%| F|  |TAMS 0x00000000ed700000, 0x00000000ed700000| Untracked 
| 216|0x00000000ed800000, 0x00000000ed800000, 0x00000000ed900000|  0%| F|  |TAMS 0x00000000ed800000, 0x00000000ed800000| Untracked 
| 217|0x00000000ed900000, 0x00000000ed900000, 0x00000000eda00000|  0%| F|  |TAMS 0x00000000ed900000, 0x00000000ed900000| Untracked 
| 218|0x00000000eda00000, 0x00000000eda00000, 0x00000000edb00000|  0%| F|  |TAMS 0x00000000eda00000, 0x00000000eda00000| Untracked 
| 219|0x00000000edb00000, 0x00000000edb00000, 0x00000000edc00000|  0%| F|  |TAMS 0x00000000edb00000, 0x00000000edb00000| Untracked 
| 220|0x00000000edc00000, 0x00000000edc00000, 0x00000000edd00000|  0%| F|  |TAMS 0x00000000edc00000, 0x00000000edc00000| Untracked 
| 221|0x00000000edd00000, 0x00000000edd00000, 0x00000000ede00000|  0%| F|  |TAMS 0x00000000edd00000, 0x00000000edd00000| Untracked 
| 222|0x00000000ede00000, 0x00000000ede00000, 0x00000000edf00000|  0%| F|  |TAMS 0x00000000ede00000, 0x00000000ede00000| Untracked 
| 223|0x00000000edf00000, 0x00000000edf00000, 0x00000000ee000000|  0%| F|  |TAMS 0x00000000edf00000, 0x00000000edf00000| Untracked 
| 224|0x00000000ee000000, 0x00000000ee000000, 0x00000000ee100000|  0%| F|  |TAMS 0x00000000ee000000, 0x00000000ee000000| Untracked 
| 225|0x00000000ee100000, 0x00000000ee100000, 0x00000000ee200000|  0%| F|  |TAMS 0x00000000ee100000, 0x00000000ee100000| Untracked 
| 226|0x00000000ee200000, 0x00000000ee200000, 0x00000000ee300000|  0%| F|  |TAMS 0x00000000ee200000, 0x00000000ee200000| Untracked 
| 227|0x00000000ee300000, 0x00000000ee300000, 0x00000000ee400000|  0%| F|  |TAMS 0x00000000ee300000, 0x00000000ee300000| Untracked 
| 228|0x00000000ee400000, 0x00000000ee400000, 0x00000000ee500000|  0%| F|  |TAMS 0x00000000ee400000, 0x00000000ee400000| Untracked 
| 229|0x00000000ee500000, 0x00000000ee500000, 0x00000000ee600000|  0%| F|  |TAMS 0x00000000ee500000, 0x00000000ee500000| Untracked 
| 230|0x00000000ee600000, 0x00000000ee600000, 0x00000000ee700000|  0%| F|  |TAMS 0x00000000ee600000, 0x00000000ee600000| Untracked 
| 231|0x00000000ee700000, 0x00000000ee700000, 0x00000000ee800000|  0%| F|  |TAMS 0x00000000ee700000, 0x00000000ee700000| Untracked 
| 232|0x00000000ee800000, 0x00000000ee800000, 0x00000000ee900000|  0%| F|  |TAMS 0x00000000ee800000, 0x00000000ee800000| Untracked 
| 233|0x00000000ee900000, 0x00000000ee900000, 0x00000000eea00000|  0%| F|  |TAMS 0x00000000ee900000, 0x00000000ee900000| Untracked 
| 234|0x00000000eea00000, 0x00000000eea00000, 0x00000000eeb00000|  0%| F|  |TAMS 0x00000000eea00000, 0x00000000eea00000| Untracked 
| 235|0x00000000eeb00000, 0x00000000eeb00000, 0x00000000eec00000|  0%| F|  |TAMS 0x00000000eeb00000, 0x00000000eeb00000| Untracked 
| 236|0x00000000eec00000, 0x00000000eec00000, 0x00000000eed00000|  0%| F|  |TAMS 0x00000000eec00000, 0x00000000eec00000| Untracked 
| 237|0x00000000eed00000, 0x00000000eed00000, 0x00000000eee00000|  0%| F|  |TAMS 0x00000000eed00000, 0x00000000eed00000| Untracked 
| 238|0x00000000eee00000, 0x00000000eee00000, 0x00000000eef00000|  0%| F|  |TAMS 0x00000000eee00000, 0x00000000eee00000| Untracked 
| 239|0x00000000eef00000, 0x00000000eef93dc8, 0x00000000ef000000| 57%| E|  |TAMS 0x00000000eef00000, 0x00000000eef00000| Complete 
| 240|0x00000000ef000000, 0x00000000ef100000, 0x00000000ef100000|100%| E|CS|TAMS 0x00000000ef000000, 0x00000000ef000000| Complete 
| 241|0x00000000ef100000, 0x00000000ef200000, 0x00000000ef200000|100%| E|CS|TAMS 0x00000000ef100000, 0x00000000ef100000| Complete 
| 242|0x00000000ef200000, 0x00000000ef300000, 0x00000000ef300000|100%| E|CS|TAMS 0x00000000ef200000, 0x00000000ef200000| Complete 
| 243|0x00000000ef300000, 0x00000000ef400000, 0x00000000ef400000|100%| E|CS|TAMS 0x00000000ef300000, 0x00000000ef300000| Complete 
| 244|0x00000000ef400000, 0x00000000ef500000, 0x00000000ef500000|100%| E|CS|TAMS 0x00000000ef400000, 0x00000000ef400000| Complete 
| 245|0x00000000ef500000, 0x00000000ef600000, 0x00000000ef600000|100%| E|CS|TAMS 0x00000000ef500000, 0x00000000ef500000| Complete 
| 246|0x00000000ef600000, 0x00000000ef700000, 0x00000000ef700000|100%| E|CS|TAMS 0x00000000ef600000, 0x00000000ef600000| Complete 
| 247|0x00000000ef700000, 0x00000000ef800000, 0x00000000ef800000|100%| E|CS|TAMS 0x00000000ef700000, 0x00000000ef700000| Complete 
| 248|0x00000000ef800000, 0x00000000ef900000, 0x00000000ef900000|100%| E|CS|TAMS 0x00000000ef800000, 0x00000000ef800000| Complete 
| 249|0x00000000ef900000, 0x00000000efa00000, 0x00000000efa00000|100%| E|CS|TAMS 0x00000000ef900000, 0x00000000ef900000| Complete 
| 250|0x00000000efa00000, 0x00000000efb00000, 0x00000000efb00000|100%| E|CS|TAMS 0x00000000efa00000, 0x00000000efa00000| Complete 
| 251|0x00000000efb00000, 0x00000000efc00000, 0x00000000efc00000|100%| E|CS|TAMS 0x00000000efb00000, 0x00000000efb00000| Complete 
| 252|0x00000000efc00000, 0x00000000efd00000, 0x00000000efd00000|100%| E|CS|TAMS 0x00000000efc00000, 0x00000000efc00000| Complete 
| 253|0x00000000efd00000, 0x00000000efe00000, 0x00000000efe00000|100%| E|CS|TAMS 0x00000000efd00000, 0x00000000efd00000| Complete 
| 254|0x00000000efe00000, 0x00000000eff00000, 0x00000000eff00000|100%| E|CS|TAMS 0x00000000efe00000, 0x00000000efe00000| Complete 
| 255|0x00000000eff00000, 0x00000000f0000000, 0x00000000f0000000|100%| E|CS|TAMS 0x00000000eff00000, 0x00000000eff00000| Complete 

Card table byte_map: [0x00000205b27d0000,0x00000205b28d0000] _byte_map_base: 0x00000205b20d0000

Marking Bits (Prev, Next): (CMBitMap*) 0x000002059b8ae630, (CMBitMap*) 0x000002059b8ae5f0
 Prev Bits: [0x00000205b31d0000, 0x00000205b39d0000)
 Next Bits: [0x00000205b29d0000, 0x00000205b31d0000)

Polling page: 0x000002059b030000

Metaspace:

Usage:
  Non-class:     57.16 MB used.
      Class:      8.99 MB used.
       Both:     66.15 MB used.

Virtual space:
  Non-class space:       64.00 MB reserved,      57.50 MB ( 90%) committed,  1 nodes.
      Class space:      320.00 MB reserved,       9.31 MB (  3%) committed,  1 nodes.
             Both:      384.00 MB reserved,      66.81 MB ( 17%) committed. 

Chunk freelists:
   Non-Class:  6.28 MB
       Class:  6.69 MB
        Both:  12.97 MB

MaxMetaspaceSize: 384.00 MB
CompressedClassSpaceSize: 320.00 MB
Initial GC threshold: 21.00 MB
Current GC threshold: 99.94 MB
CDS: on
MetaspaceReclaimPolicy: balanced
 - commit_granule_bytes: 65536.
 - commit_granule_words: 8192.
 - virtual_space_node_default_size: 8388608.
 - enlarge_chunks_in_place: 1.
 - new_chunks_are_fully_committed: 0.
 - uncommit_free_chunks: 1.
 - use_allocation_guard: 0.
 - handle_deallocations: 1.


Internal statistics:

num_allocs_failed_limit: 12.
num_arena_births: 746.
num_arena_deaths: 0.
num_vsnodes_births: 2.
num_vsnodes_deaths: 0.
num_space_committed: 1069.
num_space_uncommitted: 0.
num_chunks_returned_to_freelist: 12.
num_chunks_taken_from_freelist: 3616.
num_chunk_merges: 12.
num_chunk_splits: 2338.
num_chunks_enlarged: 1522.
num_inconsistent_stats: 0.

CodeHeap 'non-profiled nmethods': size=120000Kb used=7876Kb max_used=7876Kb free=112123Kb
 bounds [0x00000205aae60000, 0x00000205ab620000, 0x00000205b2390000]
CodeHeap 'profiled nmethods': size=120000Kb used=22968Kb max_used=22968Kb free=97031Kb
 bounds [0x00000205a3390000, 0x00000205a4a00000, 0x00000205aa8c0000]
CodeHeap 'non-nmethods': size=5760Kb used=2352Kb max_used=2461Kb free=3407Kb
 bounds [0x00000205aa8c0000, 0x00000205aab40000, 0x00000205aae60000]
 total_blobs=11757 nmethods=10881 adapters=787
 compilation: enabled
              stopped_count=0, restarted_count=0
 full_count=0

Compilation events (20 events):
Event: 22.003 Thread 0x00000205b6416350 12365       3       com.sun.tools.javac.code.Types::isDerivedRaw (44 bytes)
Event: 22.004 Thread 0x00000205b6416350 nmethod 12365 0x00000205a49e8d10 code [0x00000205a49e8f00, 0x00000205a49e9428]
Event: 22.004 Thread 0x00000205b6416350 12366       3       com.sun.tools.javac.code.Type$ForAll::accept (9 bytes)
Event: 22.004 Thread 0x00000205b6416350 nmethod 12366 0x00000205a49e9590 code [0x00000205a49e9740, 0x00000205a49e9928]
Event: 22.006 Thread 0x00000205b6416350 12371       3       com.sun.tools.javac.code.Types::substBounds (298 bytes)
Event: 22.008 Thread 0x00000205b6415a40 nmethod 12359 0x00000205ab608d90 code [0x00000205ab608f80, 0x00000205ab609478]
Event: 22.008 Thread 0x00000205b6415a40 12370       4       java.util.HashMap::removeNode (291 bytes)
Event: 22.009 Thread 0x00000205b6416350 nmethod 12371 0x00000205a49e9a10 code [0x00000205a49e9ec0, 0x00000205a49ecff8]
Event: 22.009 Thread 0x00000205b6416350 12372       3       com.sun.tools.javac.util.Bits$BitsState::getState (23 bytes)
Event: 22.009 Thread 0x00000205b6416350 nmethod 12372 0x00000205a49ede10 code [0x00000205a49edfc0, 0x00000205a49ee198]
Event: 22.009 Thread 0x00000205b6416350 12373       3       com.sun.tools.javac.util.Bits::<init> (76 bytes)
Event: 22.010 Thread 0x00000205b6416350 nmethod 12373 0x00000205a49ee210 code [0x00000205a49ee400, 0x00000205a49ee968]
Event: 22.013 Thread 0x00000205b6416350 12374       3       com.sun.tools.javac.code.Symbol::getDeclarationAttributes (21 bytes)
Event: 22.013 Thread 0x00000205b6416350 nmethod 12374 0x00000205a49eeb10 code [0x00000205a49eece0, 0x00000205a49ef078]
Event: 22.016 Thread 0x00000205b6416350 12375       3       com.sun.tools.javac.code.Symbol::hiddenInInternal (205 bytes)
Event: 22.018 Thread 0x00000205b6416350 nmethod 12375 0x00000205a49ef210 code [0x00000205a49ef660, 0x00000205a49f1dd8]
Event: 22.018 Thread 0x00000205b6416350 12376       3       com.sun.tools.javac.code.Symbol$ClassSymbol::isSubClass (129 bytes)
Event: 22.020 Thread 0x00000205b6416350 nmethod 12376 0x00000205a49f2990 code [0x00000205a49f2c80, 0x00000205a49f4188]
Event: 22.021 Thread 0x00000205b6416350 12377       3       com.sun.tools.javac.tree.TreeTranslator::visitModifiers (18 bytes)
Event: 22.021 Thread 0x00000205b6416350 nmethod 12377 0x00000205a49f4710 code [0x00000205a49f48e0, 0x00000205a49f4fc8]

GC Heap History (20 events):
Event: 5.428 GC heap before
{Heap before GC invocations=2 (full 0):
 garbage-first heap   total 262144K, used 110850K [0x00000000e0000000, 0x0000000100000000)
  region size 1024K, 97 young (99328K), 1 survivors (1024K)
 Metaspace       used 18285K, committed 18496K, reserved 393216K
  class space    used 2649K, committed 2752K, reserved 327680K
}
Event: 5.437 GC heap after
{Heap after GC invocations=3 (full 0):
 garbage-first heap   total 262144K, used 21846K [0x00000000e0000000, 0x0000000100000000)
  region size 1024K, 11 young (11264K), 11 survivors (11264K)
 Metaspace       used 18285K, committed 18496K, reserved 393216K
  class space    used 2649K, committed 2752K, reserved 327680K
}
Event: 5.798 GC heap before
{Heap before GC invocations=3 (full 0):
 garbage-first heap   total 262144K, used 44374K [0x00000000e0000000, 0x0000000100000000)
  region size 1024K, 34 young (34816K), 11 survivors (11264K)
 Metaspace       used 21243K, committed 21504K, reserved 393216K
  class space    used 3113K, committed 3264K, reserved 327680K
}
Event: 5.802 GC heap after
{Heap after GC invocations=4 (full 0):
 garbage-first heap   total 262144K, used 23662K [0x00000000e0000000, 0x0000000100000000)
  region size 1024K, 12 young (12288K), 12 survivors (12288K)
 Metaspace       used 21243K, committed 21504K, reserved 393216K
  class space    used 3113K, committed 3264K, reserved 327680K
}
Event: 7.467 GC heap before
{Heap before GC invocations=5 (full 0):
 garbage-first heap   total 262144K, used 143470K [0x00000000e0000000, 0x0000000100000000)
  region size 1024K, 126 young (129024K), 12 survivors (12288K)
 Metaspace       used 35767K, committed 36160K, reserved 393216K
  class space    used 4998K, committed 5184K, reserved 327680K
}
Event: 7.478 GC heap after
{Heap after GC invocations=6 (full 0):
 garbage-first heap   total 262144K, used 32714K [0x00000000e0000000, 0x0000000100000000)
  region size 1024K, 11 young (11264K), 11 survivors (11264K)
 Metaspace       used 35767K, committed 36160K, reserved 393216K
  class space    used 4998K, committed 5184K, reserved 327680K
}
Event: 7.489 GC heap before
{Heap before GC invocations=6 (full 0):
 garbage-first heap   total 262144K, used 33738K [0x00000000e0000000, 0x0000000100000000)
  region size 1024K, 12 young (12288K), 11 survivors (11264K)
 Metaspace       used 35864K, committed 36288K, reserved 393216K
  class space    used 5016K, committed 5184K, reserved 327680K
}
Event: 7.495 GC heap after
{Heap after GC invocations=7 (full 0):
 garbage-first heap   total 262144K, used 33224K [0x00000000e0000000, 0x0000000100000000)
  region size 1024K, 2 young (2048K), 2 survivors (2048K)
 Metaspace       used 35864K, committed 36288K, reserved 393216K
  class space    used 5016K, committed 5184K, reserved 327680K
}
Event: 7.514 GC heap before
{Heap before GC invocations=7 (full 0):
 garbage-first heap   total 262144K, used 34248K [0x00000000e0000000, 0x0000000100000000)
  region size 1024K, 4 young (4096K), 2 survivors (2048K)
 Metaspace       used 36076K, committed 36480K, reserved 393216K
  class space    used 5047K, committed 5248K, reserved 327680K
}
Event: 7.515 GC heap after
{Heap after GC invocations=8 (full 0):
 garbage-first heap   total 262144K, used 31916K [0x00000000e0000000, 0x0000000100000000)
  region size 1024K, 1 young (1024K), 1 survivors (1024K)
 Metaspace       used 36076K, committed 36480K, reserved 393216K
  class space    used 5047K, committed 5248K, reserved 327680K
}
Event: 9.360 GC heap before
{Heap before GC invocations=9 (full 0):
 garbage-first heap   total 262144K, used 188588K [0x00000000e0000000, 0x0000000100000000)
  region size 1024K, 153 young (156672K), 1 survivors (1024K)
 Metaspace       used 47747K, committed 48256K, reserved 393216K
  class space    used 6804K, committed 7040K, reserved 327680K
}
Event: 9.368 GC heap after
{Heap after GC invocations=10 (full 0):
 garbage-first heap   total 262144K, used 41639K [0x00000000e0000000, 0x0000000100000000)
  region size 1024K, 10 young (10240K), 10 survivors (10240K)
 Metaspace       used 47747K, committed 48256K, reserved 393216K
  class space    used 6804K, committed 7040K, reserved 327680K
}
Event: 12.086 GC heap before
{Heap before GC invocations=10 (full 0):
 garbage-first heap   total 262144K, used 187047K [0x00000000e0000000, 0x0000000100000000)
  region size 1024K, 153 young (156672K), 10 survivors (10240K)
 Metaspace       used 53668K, committed 54208K, reserved 393216K
  class space    used 7544K, committed 7808K, reserved 327680K
}
Event: 12.106 GC heap after
{Heap after GC invocations=11 (full 0):
 garbage-first heap   total 262144K, used 52641K [0x00000000e0000000, 0x0000000100000000)
  region size 1024K, 20 young (20480K), 20 survivors (20480K)
 Metaspace       used 53668K, committed 54208K, reserved 393216K
  class space    used 7544K, committed 7808K, reserved 327680K
}
Event: 13.512 GC heap before
{Heap before GC invocations=11 (full 0):
 garbage-first heap   total 262144K, used 118177K [0x00000000e0000000, 0x0000000100000000)
  region size 1024K, 84 young (86016K), 20 survivors (20480K)
 Metaspace       used 60507K, committed 61120K, reserved 393216K
  class space    used 8425K, committed 8704K, reserved 327680K
}
Event: 13.527 GC heap after
{Heap after GC invocations=12 (full 0):
 garbage-first heap   total 262144K, used 53760K [0x00000000e0000000, 0x0000000100000000)
  region size 1024K, 5 young (5120K), 5 survivors (5120K)
 Metaspace       used 60507K, committed 61120K, reserved 393216K
  class space    used 8425K, committed 8704K, reserved 327680K
}
Event: 19.042 GC heap before
{Heap before GC invocations=13 (full 0):
 garbage-first heap   total 262144K, used 205312K [0x00000000e0000000, 0x0000000100000000)
  region size 1024K, 153 young (156672K), 5 survivors (5120K)
 Metaspace       used 65137K, committed 65792K, reserved 393216K
  class space    used 8880K, committed 9152K, reserved 327680K
}
Event: 19.060 GC heap after
{Heap after GC invocations=14 (full 0):
 garbage-first heap   total 262144K, used 76076K [0x00000000e0000000, 0x0000000100000000)
  region size 1024K, 20 young (20480K), 20 survivors (20480K)
 Metaspace       used 65137K, committed 65792K, reserved 393216K
  class space    used 8880K, committed 9152K, reserved 327680K
}
Event: 20.863 GC heap before
{Heap before GC invocations=14 (full 0):
 garbage-first heap   total 262144K, used 202028K [0x00000000e0000000, 0x0000000100000000)
  region size 1024K, 143 young (146432K), 20 survivors (20480K)
 Metaspace       used 66382K, committed 67008K, reserved 393216K
  class space    used 9014K, committed 9280K, reserved 327680K
}
Event: 20.886 GC heap after
{Heap after GC invocations=15 (full 0):
 garbage-first heap   total 262144K, used 78976K [0x00000000e0000000, 0x0000000100000000)
  region size 1024K, 4 young (4096K), 4 survivors (4096K)
 Metaspace       used 66382K, committed 67008K, reserved 393216K
  class space    used 9014K, committed 9280K, reserved 327680K
}

Dll operation events (15 events):
Event: 0.033 Loaded shared library C:\Program Files\Amazon Corretto\jdk17.0.10_7\bin\java.dll
Event: 0.080 Loaded shared library C:\Program Files\Amazon Corretto\jdk17.0.10_7\bin\jsvml.dll
Event: 0.241 Loaded shared library C:\Program Files\Amazon Corretto\jdk17.0.10_7\bin\zip.dll
Event: 0.251 Loaded shared library C:\Program Files\Amazon Corretto\jdk17.0.10_7\bin\instrument.dll
Event: 0.257 Loaded shared library C:\Program Files\Amazon Corretto\jdk17.0.10_7\bin\net.dll
Event: 0.259 Loaded shared library C:\Program Files\Amazon Corretto\jdk17.0.10_7\bin\nio.dll
Event: 0.264 Loaded shared library C:\Program Files\Amazon Corretto\jdk17.0.10_7\bin\zip.dll
Event: 0.745 Loaded shared library C:\Program Files\Amazon Corretto\jdk17.0.10_7\bin\jimage.dll
Event: 0.888 Loaded shared library C:\Program Files\Amazon Corretto\jdk17.0.10_7\bin\verify.dll
Event: 1.255 Loaded shared library C:\Users\Rencal\.gradle\native\c067742578af261105cb4f569cf0c3c89f3d7b1fecec35dd04571415982c5e48\windows-amd64\native-platform.dll
Event: 1.263 Loaded shared library C:\Users\Rencal\.gradle\native\38dada09dfb8b06ba9b0570ebf7e218e3eb74d4ef43ca46872605cf95ebc2f47\windows-amd64\native-platform-file-events.dll
Event: 2.766 Loaded shared library C:\Program Files\Amazon Corretto\jdk17.0.10_7\bin\management.dll
Event: 2.769 Loaded shared library C:\Program Files\Amazon Corretto\jdk17.0.10_7\bin\management_ext.dll
Event: 3.476 Loaded shared library C:\Program Files\Amazon Corretto\jdk17.0.10_7\bin\extnet.dll
Event: 3.794 Loaded shared library C:\Program Files\Amazon Corretto\jdk17.0.10_7\bin\sunmscapi.dll

Deoptimization events (20 events):
Event: 21.810 Thread 0x00000205d4e982a0 Uncommon trap: trap_request=0xffffffde fr.pc=0x00000205ab57278c relative=0x000000000000006c
Event: 21.810 Thread 0x00000205d4e982a0 Uncommon trap: reason=class_check action=maybe_recompile pc=0x00000205ab57278c method=com.sun.tools.javac.code.Types$12.visitClassType(Lcom/sun/tools/javac/code/Type$ClassType;Ljava/lang/Object;)Ljava/lang/Object; @ 3 c2
Event: 21.810 Thread 0x00000205d4e982a0 DEOPT PACKING pc=0x00000205ab57278c sp=0x0000004d287f63f0
Event: 21.810 Thread 0x00000205d4e982a0 DEOPT UNPACKING pc=0x00000205aa9169a3 sp=0x0000004d287f6368 mode 2
Event: 21.819 Thread 0x00000205d4e982a0 DEOPT PACKING pc=0x00000205a49119f4 sp=0x0000004d287f6490
Event: 21.819 Thread 0x00000205d4e982a0 DEOPT UNPACKING pc=0x00000205aa917143 sp=0x0000004d287f59d8 mode 0
Event: 21.819 Thread 0x00000205d4e982a0 DEOPT PACKING pc=0x00000205a491d8d4 sp=0x0000004d287f65f0
Event: 21.819 Thread 0x00000205d4e982a0 DEOPT UNPACKING pc=0x00000205aa917143 sp=0x0000004d287f5b20 mode 0
Event: 21.833 Thread 0x00000205d4e982a0 Uncommon trap: trap_request=0xffffffde fr.pc=0x00000205ab5c9078 relative=0x00000000000008f8
Event: 21.833 Thread 0x00000205d4e982a0 Uncommon trap: reason=class_check action=maybe_recompile pc=0x00000205ab5c9078 method=com.sun.tools.javac.code.Type.containsAny(Lcom/sun/tools/javac/util/List;)Z @ 6 c2
Event: 21.833 Thread 0x00000205d4e982a0 DEOPT PACKING pc=0x00000205ab5c9078 sp=0x0000004d287f6130
Event: 21.833 Thread 0x00000205d4e982a0 DEOPT UNPACKING pc=0x00000205aa9169a3 sp=0x0000004d287f6030 mode 2
Event: 21.968 Thread 0x00000205d4e982a0 Uncommon trap: trap_request=0xffffffc6 fr.pc=0x00000205aaee156c relative=0x000000000000038c
Event: 21.968 Thread 0x00000205d4e982a0 Uncommon trap: reason=bimorphic_or_optimized_type_check action=maybe_recompile pc=0x00000205aaee156c method=java.util.ArrayList$ArrayListSpliterator.tryAdvance(Ljava/util/function/Consumer;)Z @ 48 c2
Event: 21.968 Thread 0x00000205d4e982a0 DEOPT PACKING pc=0x00000205aaee156c sp=0x0000004d287f81d0
Event: 21.968 Thread 0x00000205d4e982a0 DEOPT UNPACKING pc=0x00000205aa9169a3 sp=0x0000004d287f8160 mode 2
Event: 22.019 Thread 0x00000205d4e982a0 Uncommon trap: trap_request=0xffffffc6 fr.pc=0x00000205aaee156c relative=0x000000000000038c
Event: 22.019 Thread 0x00000205d4e982a0 Uncommon trap: reason=bimorphic_or_optimized_type_check action=maybe_recompile pc=0x00000205aaee156c method=java.util.ArrayList$ArrayListSpliterator.tryAdvance(Ljava/util/function/Consumer;)Z @ 48 c2
Event: 22.019 Thread 0x00000205d4e982a0 DEOPT PACKING pc=0x00000205aaee156c sp=0x0000004d287f81d0
Event: 22.019 Thread 0x00000205d4e982a0 DEOPT UNPACKING pc=0x00000205aa9169a3 sp=0x0000004d287f8160 mode 2

Classes unloaded (0 events):
No events

Classes redefined (0 events):
No events

Internal exceptions (20 events):
Event: 9.924 Thread 0x00000205d4e982a0 Exception <a 'java/lang/NoSuchMethodError'{0x00000000ee2d6248}: 'int java.lang.invoke.DirectMethodHandle$Holder.invokeSpecial(java.lang.Object, java.lang.Object, java.lang.Object, java.lang.Object, java.lang.Object)'> (0x00000000ee2d6248) 
thrown [s\src\hotspot\share\interpreter\linkResolver.cpp, line 759]
Event: 9.933 Thread 0x00000205d4e982a0 Exception <a 'java/lang/IncompatibleClassChangeError'{0x00000000ee1453e0}: Found class java.lang.Object, but interface was expected> (0x00000000ee1453e0) 
thrown [s\src\hotspot\share\interpreter\linkResolver.cpp, line 826]
Event: 9.935 Thread 0x00000205d4e982a0 Exception <a 'java/lang/NoSuchMethodError'{0x00000000ee159290}: static Ljava/lang/Object;.<clinit>()V> (0x00000000ee159290) 
thrown [s\src\hotspot\share\prims\jni.cpp, line 1107]
Event: 10.089 Thread 0x00000205d4e982a0 Implicit null exception at 0x00000205ab1bebe0 to 0x00000205ab1bfee8
Event: 11.071 Thread 0x00000205d4e982a0 Implicit null exception at 0x00000205aae9f672 to 0x00000205aae9fc8c
Event: 11.072 Thread 0x00000205d4e982a0 Implicit null exception at 0x00000205aaeaa7f2 to 0x00000205aaeaae0c
Event: 12.432 Thread 0x00000205d4e982a0 Exception <a 'java/lang/NoSuchMethodError'{0x00000000ee138720}: 'void java.lang.invoke.DirectMethodHandle$Holder.invokeVirtual(java.lang.Object, java.lang.Object, java.lang.Object, java.lang.Object)'> (0x00000000ee138720) 
thrown [s\src\hotspot\share\interpreter\linkResolver.cpp, line 759]
Event: 12.640 Thread 0x00000205d4e982a0 Exception <a 'java/lang/NoSuchMethodError'{0x00000000ed869208}: 'int java.lang.invoke.DirectMethodHandle$Holder.invokeStaticInit(java.lang.Object, java.lang.Object, java.lang.Object, java.lang.Object, java.lang.Object)'> (0x00000000ed869208) 
thrown [s\src\hotspot\share\interpreter\linkResolver.cpp, line 759]
Event: 12.696 Thread 0x00000205d4e982a0 Exception <a 'java/lang/NoSuchMethodError'{0x00000000ed5dce08}: 'java.lang.Object java.lang.invoke.DirectMethodHandle$Holder.invokeSpecial(java.lang.Object, java.lang.Object, int, java.lang.Object, java.lang.Object, java.lang.Object, java.lang.Object)'> (0x00000000ed5dce08) 
thrown [s\src\hotspot\share\interpreter\linkResolver.cpp, line 759]
Event: 13.161 Thread 0x00000205d4e982a0 Implicit null exception at 0x00000205ab09d7a0 to 0x00000205ab09dfc0
Event: 13.778 Thread 0x00000205d4e982a0 Exception <a 'sun/nio/fs/WindowsException'{0x00000000efb6b910}> (0x00000000efb6b910) 
thrown [s\src\hotspot\share\prims\jni.cpp, line 516]
Event: 13.790 Thread 0x00000205d4e982a0 Exception <a 'sun/nio/fs/WindowsException'{0x00000000efb6d590}> (0x00000000efb6d590) 
thrown [s\src\hotspot\share\prims\jni.cpp, line 516]
Event: 13.790 Thread 0x00000205d4e982a0 Exception <a 'sun/nio/fs/WindowsException'{0x00000000efb6eb60}> (0x00000000efb6eb60) 
thrown [s\src\hotspot\share\prims\jni.cpp, line 516]
Event: 13.818 Thread 0x00000205d4e982a0 Exception <a 'java/lang/NoSuchMethodError'{0x00000000efaa0878}: 'java.lang.Object java.lang.invoke.DirectMethodHandle$Holder.invokeVirtual(java.lang.Object, java.lang.Object, java.lang.Object, int, int)'> (0x00000000efaa0878) 
thrown [s\src\hotspot\share\interpreter\linkResolver.cpp, line 759]
Event: 13.953 Thread 0x00000205d4e982a0 Implicit null exception at 0x00000205ab05698c to 0x00000205ab056ac6
Event: 14.108 Thread 0x00000205d4e982a0 Implicit null exception at 0x00000205ab3c378e to 0x00000205ab3c474c
Event: 14.188 Thread 0x00000205d4e982a0 Implicit null exception at 0x00000205ab3e0e44 to 0x00000205ab3e1928
Event: 14.880 Thread 0x00000205d4e982a0 Exception <a 'java/lang/NoSuchMethodError'{0x00000000ecf3e448}: 'java.lang.Object java.lang.invoke.DirectMethodHandle$Holder.invokeStatic(java.lang.Object, java.lang.Object, int, int)'> (0x00000000ecf3e448) 
thrown [s\src\hotspot\share\interpreter\linkResolver.cpp, line 759]
Event: 21.501 Thread 0x00000205d4e982a0 Exception <a 'java/lang/NoSuchMethodError'{0x00000000ef2b4f30}: 'int java.lang.invoke.DirectMethodHandle$Holder.invokeVirtual(java.lang.Object, java.lang.Object, java.lang.Object, java.lang.Object)'> (0x00000000ef2b4f30) 
thrown [s\src\hotspot\share\interpreter\linkResolver.cpp, line 759]
Event: 21.829 Thread 0x00000205d4e982a0 Exception <a 'java/lang/NoSuchMethodError'{0x00000000ef1fa578}: 'void java.lang.invoke.DirectMethodHandle$Holder.invokeSpecial(java.lang.Object, java.lang.Object, java.lang.Object, java.lang.Object, java.lang.Object, java.lang.Object, java.lang.Object, java.lang.Object, java.lang.Object)'> (0x00000000ef1fa578) 
thrown [s\src\hotspot\share\interpreter\linkResolver.cpp, line 759]

VM Operations (20 events):
Event: 21.156 Executing VM operation: HandshakeAllThreads
Event: 21.156 Executing VM operation: HandshakeAllThreads done
Event: 21.199 Executing VM operation: HandshakeAllThreads
Event: 21.199 Executing VM operation: HandshakeAllThreads done
Event: 21.223 Executing VM operation: ICBufferFull
Event: 21.223 Executing VM operation: ICBufferFull done
Event: 21.353 Executing VM operation: HandshakeAllThreads
Event: 21.353 Executing VM operation: HandshakeAllThreads done
Event: 21.372 Executing VM operation: HandshakeAllThreads
Event: 21.373 Executing VM operation: HandshakeAllThreads done
Event: 21.455 Executing VM operation: ICBufferFull
Event: 21.455 Executing VM operation: ICBufferFull done
Event: 21.734 Executing VM operation: HandshakeAllThreads
Event: 21.735 Executing VM operation: HandshakeAllThreads done
Event: 21.815 Executing VM operation: HandshakeAllThreads
Event: 21.815 Executing VM operation: HandshakeAllThreads done
Event: 21.818 Executing VM operation: HandshakeAllThreads
Event: 21.819 Executing VM operation: HandshakeAllThreads done
Event: 21.891 Executing VM operation: ICBufferFull
Event: 21.891 Executing VM operation: ICBufferFull done

Events (20 events):
Event: 19.363 loading class java/nio/channels/Channels$1
Event: 19.363 loading class java/nio/channels/Channels$1 done
Event: 20.023 Thread 0x00000205b641ac80 flushing nmethod 0x00000205ab3c7490
Event: 20.023 Thread 0x00000205b641ac80 flushing nmethod 0x00000205ab3c9a10
Event: 20.026 Thread 0x00000205b641ac80 flushing nmethod 0x00000205a35c0c10
Event: 20.030 Thread 0x00000205b641ac80 flushing nmethod 0x00000205a3a9ef10
Event: 20.031 Thread 0x00000205b641ac80 flushing nmethod 0x00000205a3b57990
Event: 20.039 Thread 0x00000205b641ac80 flushing nmethod 0x00000205a44c8590
Event: 20.040 Thread 0x00000205b641ac80 flushing nmethod 0x00000205a44df510
Event: 20.040 Thread 0x00000205b641ac80 flushing nmethod 0x00000205a451af90
Event: 21.404 loading class java/util/function/ToIntBiFunction
Event: 21.404 loading class java/util/function/ToIntBiFunction done
Event: 21.516 loading class java/util/EnumMap$EntrySet
Event: 21.516 loading class java/util/EnumMap$EntrySet done
Event: 21.517 loading class java/util/EnumMap$EntryIterator
Event: 21.517 loading class java/util/EnumMap$EnumMapIterator
Event: 21.517 loading class java/util/EnumMap$EnumMapIterator done
Event: 21.517 loading class java/util/EnumMap$EntryIterator done
Event: 21.517 loading class java/util/EnumMap$EntryIterator$Entry
Event: 21.517 loading class java/util/EnumMap$EntryIterator$Entry done


Dynamic libraries:
0x00007ff7f74c0000 - 0x00007ff7f74ce000 	C:\Program Files\Amazon Corretto\jdk17.0.10_7\bin\java.exe
0x00007ffa1c990000 - 0x00007ffa1cba7000 	C:\WINDOWS\SYSTEM32\ntdll.dll
0x00007ffa1b1a0000 - 0x00007ffa1b264000 	C:\WINDOWS\System32\KERNEL32.DLL
0x00007ffa1a1c0000 - 0x00007ffa1a56e000 	C:\WINDOWS\System32\KERNELBASE.dll
0x00007ff9f7cf0000 - 0x00007ff9f7d07000 	C:\Program Files\Amazon Corretto\jdk17.0.10_7\bin\jli.dll
0x00007ff9f7380000 - 0x00007ff9f739b000 	C:\Program Files\Amazon Corretto\jdk17.0.10_7\bin\VCRUNTIME140.dll
0x00007ffa1bad0000 - 0x00007ffa1bc7e000 	C:\WINDOWS\System32\USER32.dll
0x00007ffa1a690000 - 0x00007ffa1a6b6000 	C:\WINDOWS\System32\win32u.dll
0x00007ffa1a570000 - 0x00007ffa1a681000 	C:\WINDOWS\System32\ucrtbase.dll
0x00007ffa1b170000 - 0x00007ffa1b199000 	C:\WINDOWS\System32\GDI32.dll
0x00007ffa19dd0000 - 0x00007ffa19ee9000 	C:\WINDOWS\System32\gdi32full.dll
0x00007ffa19ef0000 - 0x00007ffa19f8a000 	C:\WINDOWS\System32\msvcp_win.dll
0x00007ffa060d0000 - 0x00007ffa06363000 	C:\WINDOWS\WinSxS\amd64_microsoft.windows.common-controls_6595b64144ccf1df_6.0.22621.3566_none_27125e8b73837631\COMCTL32.dll
0x00007ffa1c300000 - 0x00007ffa1c3a7000 	C:\WINDOWS\System32\msvcrt.dll
0x00007ffa1af00000 - 0x00007ffa1af31000 	C:\WINDOWS\System32\IMM32.DLL
0x00007ffa00bc0000 - 0x00007ffa00bcc000 	C:\Program Files\Amazon Corretto\jdk17.0.10_7\bin\vcruntime140_1.dll
0x00007ff9bb910000 - 0x00007ff9bb99d000 	C:\Program Files\Amazon Corretto\jdk17.0.10_7\bin\msvcp140.dll
0x00007ff983210000 - 0x00007ff983e72000 	C:\Program Files\Amazon Corretto\jdk17.0.10_7\bin\server\jvm.dll
0x00007ffa1c680000 - 0x00007ffa1c732000 	C:\WINDOWS\System32\ADVAPI32.dll
0x00007ffa1c8a0000 - 0x00007ffa1c948000 	C:\WINDOWS\System32\sechost.dll
0x00007ffa19d20000 - 0x00007ffa19d48000 	C:\WINDOWS\System32\bcrypt.dll
0x00007ffa1ac40000 - 0x00007ffa1ad55000 	C:\WINDOWS\System32\RPCRT4.dll
0x00007ffa07d10000 - 0x00007ffa07d44000 	C:\WINDOWS\SYSTEM32\WINMM.dll
0x00007ffa18b00000 - 0x00007ffa18b4d000 	C:\WINDOWS\SYSTEM32\POWRPROF.dll
0x00007ffa11050000 - 0x00007ffa1105a000 	C:\WINDOWS\SYSTEM32\VERSION.dll
0x00007ffa07d80000 - 0x00007ffa07d89000 	C:\WINDOWS\SYSTEM32\WSOCK32.dll
0x00007ffa1af40000 - 0x00007ffa1afb1000 	C:\WINDOWS\System32\WS2_32.dll
0x00007ffa18ae0000 - 0x00007ffa18af3000 	C:\WINDOWS\SYSTEM32\UMPDC.dll
0x00007ffa18d90000 - 0x00007ffa18da8000 	C:\WINDOWS\SYSTEM32\kernel.appcore.dll
0x00007ff9fecb0000 - 0x00007ff9fecba000 	C:\Program Files\Amazon Corretto\jdk17.0.10_7\bin\jimage.dll
0x00007ffa140a0000 - 0x00007ffa142d3000 	C:\WINDOWS\SYSTEM32\DBGHELP.DLL
0x00007ffa1bf70000 - 0x00007ffa1c2f8000 	C:\WINDOWS\System32\combase.dll
0x00007ffa1be90000 - 0x00007ffa1bf67000 	C:\WINDOWS\System32\OLEAUT32.dll
0x00007ffa11cd0000 - 0x00007ffa11d02000 	C:\WINDOWS\SYSTEM32\dbgcore.DLL
0x00007ffa19d50000 - 0x00007ffa19dc9000 	C:\WINDOWS\System32\bcryptPrimitives.dll
0x00007ffa085b0000 - 0x00007ffa085be000 	C:\Program Files\Amazon Corretto\jdk17.0.10_7\bin\instrument.dll
0x00007ff9d8950000 - 0x00007ff9d8975000 	C:\Program Files\Amazon Corretto\jdk17.0.10_7\bin\java.dll
0x00007ff9ae150000 - 0x00007ff9ae227000 	C:\Program Files\Amazon Corretto\jdk17.0.10_7\bin\jsvml.dll
0x00007ffa1b270000 - 0x00007ffa1bace000 	C:\WINDOWS\System32\SHELL32.dll
0x00007ffa17bb0000 - 0x00007ffa184a5000 	C:\WINDOWS\SYSTEM32\windows.storage.dll
0x00007ffa17a70000 - 0x00007ffa17baf000 	C:\WINDOWS\SYSTEM32\wintypes.dll
0x00007ffa1ab40000 - 0x00007ffa1ac35000 	C:\WINDOWS\System32\SHCORE.dll
0x00007ffa1b110000 - 0x00007ffa1b16e000 	C:\WINDOWS\System32\shlwapi.dll
0x00007ffa19be0000 - 0x00007ffa19c01000 	C:\WINDOWS\SYSTEM32\profapi.dll
0x00007ff9e2750000 - 0x00007ff9e2768000 	C:\Program Files\Amazon Corretto\jdk17.0.10_7\bin\zip.dll
0x00007ff9e6090000 - 0x00007ff9e60a9000 	C:\Program Files\Amazon Corretto\jdk17.0.10_7\bin\net.dll
0x00007ffa08d30000 - 0x00007ffa08e66000 	C:\WINDOWS\SYSTEM32\WINHTTP.dll
0x00007ffa19230000 - 0x00007ffa19299000 	C:\WINDOWS\system32\mswsock.dll
0x00007ff9e2920000 - 0x00007ff9e2936000 	C:\Program Files\Amazon Corretto\jdk17.0.10_7\bin\nio.dll
0x00007ffa085c0000 - 0x00007ffa085d0000 	C:\Program Files\Amazon Corretto\jdk17.0.10_7\bin\verify.dll
0x00007ffa05170000 - 0x00007ffa05197000 	C:\Users\Rencal\.gradle\native\c067742578af261105cb4f569cf0c3c89f3d7b1fecec35dd04571415982c5e48\windows-amd64\native-platform.dll
0x00007ff9cf5d0000 - 0x00007ff9cf714000 	C:\Users\Rencal\.gradle\native\38dada09dfb8b06ba9b0570ebf7e218e3eb74d4ef43ca46872605cf95ebc2f47\windows-amd64\native-platform-file-events.dll
0x00007ffa11c10000 - 0x00007ffa11c19000 	C:\Program Files\Amazon Corretto\jdk17.0.10_7\bin\management.dll
0x00007ffa11b80000 - 0x00007ffa11b8b000 	C:\Program Files\Amazon Corretto\jdk17.0.10_7\bin\management_ext.dll
0x00007ffa1ad60000 - 0x00007ffa1ad68000 	C:\WINDOWS\System32\PSAPI.DLL
0x00007ffa19490000 - 0x00007ffa194ab000 	C:\WINDOWS\SYSTEM32\CRYPTSP.dll
0x00007ffa18cf0000 - 0x00007ffa18d25000 	C:\WINDOWS\system32\rsaenh.dll
0x00007ffa19330000 - 0x00007ffa19358000 	C:\WINDOWS\SYSTEM32\USERENV.dll
0x00007ffa194b0000 - 0x00007ffa194bc000 	C:\WINDOWS\SYSTEM32\CRYPTBASE.dll
0x00007ffa18700000 - 0x00007ffa1872d000 	C:\WINDOWS\SYSTEM32\IPHLPAPI.DLL
0x00007ffa1adf0000 - 0x00007ffa1adf9000 	C:\WINDOWS\System32\NSI.dll
0x00007ffa08b20000 - 0x00007ffa08b39000 	C:\WINDOWS\SYSTEM32\dhcpcsvc6.DLL
0x00007ffa08aa0000 - 0x00007ffa08abf000 	C:\WINDOWS\SYSTEM32\dhcpcsvc.DLL
0x00007ffa18730000 - 0x00007ffa18829000 	C:\WINDOWS\SYSTEM32\DNSAPI.dll
0x00007ffa11920000 - 0x00007ffa11929000 	C:\Program Files\Amazon Corretto\jdk17.0.10_7\bin\extnet.dll
0x00007ffa11970000 - 0x00007ffa1197e000 	C:\Program Files\Amazon Corretto\jdk17.0.10_7\bin\sunmscapi.dll
0x00007ffa19f90000 - 0x00007ffa1a0f7000 	C:\WINDOWS\System32\CRYPT32.dll
0x00007ffa19630000 - 0x00007ffa1965e000 	C:\WINDOWS\SYSTEM32\ncrypt.dll
0x00007ffa195f0000 - 0x00007ffa19627000 	C:\WINDOWS\SYSTEM32\NTASN1.dll
0x00007ff9df4a0000 - 0x00007ff9df4a8000 	C:\WINDOWS\system32\wshunix.dll

dbghelp: loaded successfully - version: 4.0.5 - missing functions: none
symbol engine: initialized successfully - sym options: 0x614 - pdb path: .;C:\Program Files\Amazon Corretto\jdk17.0.10_7\bin;C:\WINDOWS\SYSTEM32;C:\WINDOWS\WinSxS\amd64_microsoft.windows.common-controls_6595b64144ccf1df_6.0.22621.3566_none_27125e8b73837631;C:\Program Files\Amazon Corretto\jdk17.0.10_7\bin\server;C:\Users\Rencal\.gradle\native\c067742578af261105cb4f569cf0c3c89f3d7b1fecec35dd04571415982c5e48\windows-amd64;C:\Users\Rencal\.gradle\native\38dada09dfb8b06ba9b0570ebf7e218e3eb74d4ef43ca46872605cf95ebc2f47\windows-amd64

VM Arguments:
jvm_args: --add-opens=java.base/java.util=ALL-UNNAMED --add-opens=java.base/java.lang=ALL-UNNAMED --add-opens=java.base/java.lang.invoke=ALL-UNNAMED --add-opens=java.prefs/java.util.prefs=ALL-UNNAMED --add-opens=java.base/java.nio.charset=ALL-UNNAMED --add-opens=java.base/java.net=ALL-UNNAMED --add-opens=java.base/java.util.concurrent.atomic=ALL-UNNAMED -XX:MaxMetaspaceSize=384m -XX:+HeapDumpOnOutOfMemoryError -Xms256m -Xmx512m -Dfile.encoding=UTF-8 -Duser.country=KR -Duser.language=ko -Duser.variant -javaagent:C:\Users\Rencal\.gradle\wrapper\dists\gradle-8.7-bin\bhs2wmbdwecv87pi65oeuq5iu\gradle-8.7\lib\agents\gradle-instrumentation-agent-8.7.jar 
java_command: org.gradle.launcher.daemon.bootstrap.GradleDaemon 8.7
java_class_path (initial): C:\Users\Rencal\.gradle\wrapper\dists\gradle-8.7-bin\bhs2wmbdwecv87pi65oeuq5iu\gradle-8.7\lib\gradle-launcher-8.7.jar
Launcher Type: SUN_STANDARD

[Global flags]
     intx CICompilerCount                          = 4                                         {product} {ergonomic}
   size_t CompressedClassSpaceSize                 = 335544320                                 {product} {ergonomic}
     uint ConcGCThreads                            = 2                                         {product} {ergonomic}
     uint G1ConcRefinementThreads                  = 8                                         {product} {ergonomic}
   size_t G1HeapRegionSize                         = 1048576                                   {product} {ergonomic}
    uintx GCDrainStackTargetSize                   = 64                                        {product} {ergonomic}
     bool HeapDumpOnOutOfMemoryError               = true                                   {manageable} {command line}
   size_t InitialHeapSize                          = 268435456                                 {product} {command line}
   size_t MarkStackSize                            = 4194304                                   {product} {ergonomic}
   size_t MaxHeapSize                              = 536870912                                 {product} {command line}
   size_t MaxMetaspaceSize                         = 402653184                                 {product} {command line}
   size_t MaxNewSize                               = 321912832                                 {product} {ergonomic}
   size_t MinHeapDeltaBytes                        = 1048576                                   {product} {ergonomic}
   size_t MinHeapSize                              = 268435456                                 {product} {command line}
    uintx NonNMethodCodeHeapSize                   = 5839372                                {pd product} {ergonomic}
    uintx NonProfiledCodeHeapSize                  = 122909434                              {pd product} {ergonomic}
    uintx ProfiledCodeHeapSize                     = 122909434                              {pd product} {ergonomic}
    uintx ReservedCodeCacheSize                    = 251658240                              {pd product} {ergonomic}
     bool SegmentedCodeCache                       = true                                      {product} {ergonomic}
   size_t SoftMaxHeapSize                          = 536870912                              {manageable} {ergonomic}
     bool UseCompressedClassPointers               = true                           {product lp64_product} {ergonomic}
     bool UseCompressedOops                        = true                           {product lp64_product} {ergonomic}
     bool UseG1GC                                  = true                                      {product} {ergonomic}
     bool UseLargePagesIndividualAllocation        = false                                  {pd product} {ergonomic}

Logging:
Log output configuration:
 #0: stdout all=warning uptime,level,tags
 #1: stderr all=off uptime,level,tags

Environment Variables:
JAVA_HOME=C:\Program Files\Amazon Corretto\jdk17.0.10_7
PATH=C:\Program Files\Amazon Corretto\jdk17.0.10_7\bin;C:\Windows\system32;C:\Windows;C:\Windows\System32\Wbem;C:\Windows\System32\WindowsPowerShell\v1.0\;C:\Windows\System32\OpenSSH\;C:\Program Files (x86)\NVIDIA Corporation\PhysX\Common;C:\Program Files\dotnet\;C:\Program Files\Amazon Corretto\jdk17.0.10_7\bin;C:\Program Files (x86)\Windows Live\Shared;C:\WINDOWS\system32;C:\WINDOWS;C:\WINDOWS\System32\Wbem;C:\WINDOWS\System32\WindowsPowerShell\v1.0\;C:\WINDOWS\System32\OpenSSH\;C:\Program Files\Amazon Corretto\jdk17.0.10_7\bin;C:\Program Files\Docker\Docker\resources\bin;C:\tools\Git\cmd;C:\Program Files\nodejs\;C:\Program Files\MySQL\MySQL Shell 8.0\bin\;C:\Users\Rencal\AppData\Local\Microsoft\WindowsApps;C:\Program Files\Bandizip\;C:\Users\Rencal\AppData\Local\Microsoft\WindowsApps;C:\Users\Rencal\AppData\Roaming\npm;C:\Users\Rencal\AppData\Local\GitHubDesktop\bin;C:\Users\Rencal\AppData\Local\atom\bin;C:\Users\Rencal\AppData\Local\Programs\Microsoft VS Code\bin;C:\Program Files\JetBrains\IntelliJ IDEA 2023.3.5\bin;
USERNAME=Rencal
LANG=ko_KR.UTF-8
OS=Windows_NT
PROCESSOR_IDENTIFIER=Intel64 Family 6 Model 142 Stepping 12, GenuineIntel
TMP=C:\Users\Rencal\AppData\Local\Temp
TEMP=C:\Users\Rencal\AppData\Local\Temp



Periodic native trim disabled


---------------  S Y S T E M  ---------------

OS:
 Windows 11 , 64 bit Build 22621 (10.0.22621.3570)
OS uptime: 2 days 20:54 hours
Hyper-V role detected

CPU: total 8 (initial active 8) (4 cores per cpu, 2 threads per core) family 6 model 142 stepping 12 microcode 0xde, cx8, cmov, fxsr, ht, mmx, 3dnowpref, sse, sse2, sse3, ssse3, sse4.1, sse4.2, popcnt, lzcnt, tsc, tscinvbit, avx, avx2, aes, erms, clmul, bmi1, bmi2, adx, fma, vzeroupper, clflush, clflushopt, hv
Processor Information for all 8 processors :
  Max Mhz: 2112, Current Mhz: 1609, Mhz Limit: 1605

Memory: 4k page, system-wide physical 16182M (623M free)
TotalPageFile size 24374M (AvailPageFile size 4M)
current process WorkingSet (physical memory assigned to process): 480M, peak: 491M
current process commit charge ("private bytes"): 527M, peak: 546M

vm_info: OpenJDK 64-Bit Server VM (17.0.10+7-LTS) for windows-amd64 JRE (17.0.10+7-LTS), built on Jan 10 2024 22:11:07 by "Administrator" with MS VC++ 16.10 / 16.11 (VS2019)

END.
